[2023-08-17 21:11:45] PRINT random_seed 346643
[2023-08-17 21:11:45] PRINT suite_train {'amd-app-sdk-3.0': {'subdir': 'samples/opencl/cl/1.x'}, 'nvidia-4.2': {'subdir': 'OpenCL/src', 'benchmark_name_prefix': 'ocl'}, 'polybench-gpu-1.0': {'subdir': 'OpenCL', 'remappings': {'2DConvolution': '2DCONV', '2mm': '2MM', '3DConvolution': '3DCONV', '3mm': '3MM', 'atax': 'ATAX', 'bicg': 'BICG', 'correlation': 'CORR', 'covariance': 'COVAR', 'gemm': 'GEMM', 'gesummv': 'GESUMMV', 'gramschmidt': 'GRAMSCHM', 'mvt': 'MVT', 'syr2k': 'SYR2K', 'syrk': 'SYRK'}}, 'rodinia-3.1': {'subdir': 'opencl'}, 'shoc-1.1.5': {'subdir': 'src/opencl/level1'}}
[2023-08-17 21:11:45] PRINT test_dict {'npb-3.3': {'subdir': ''}, 'parboil-0.2': {'subdir': 'benchmarks'}}
[2023-08-17 21:11:45] PRINT Processing LLVMGraphBuilder-LLVMCDFGPlusVisitor-GnnPytorchGeomModel
[2023-08-17 21:12:06] PRINT Size of dataset: 131
[2023-08-17 21:12:24] PRINT Size of dataset: 546
[2023-08-17 21:12:24] PRINT 
[2023-08-17 21:12:26] PRINT 0    train_accuracy  0.4942528735632184  valid_accuracy  0.5  test_accuracy  0.38644688644688646
[2023-08-17 21:12:26] PRINT 0    train speedup 1.5134342  valid speedup  1.2554929  test speedup  6.125825
[2023-08-17 21:12:29] PRINT 1    train_accuracy  0.5057471264367817  valid_accuracy  0.5  test_accuracy  0.38644688644688646
[2023-08-17 21:12:29] PRINT 1    train speedup 1.6046965  valid speedup  1.2010586  test speedup  6.3690076
[2023-08-17 21:12:31] PRINT 2    train_accuracy  0.5057471264367817  valid_accuracy  0.5  test_accuracy  0.38644688644688646
[2023-08-17 21:12:31] PRINT 2    train speedup 1.6280469  valid speedup  1.1803242  test speedup  6.885387
[2023-08-17 21:12:34] PRINT 3    train_accuracy  0.5057471264367817  valid_accuracy  0.5  test_accuracy  0.38644688644688646
[2023-08-17 21:12:34] PRINT 3    train speedup 1.5579258  valid speedup  1.2330734  test speedup  6.0225873
[2023-08-17 21:12:36] PRINT 4    train_accuracy  0.5057471264367817  valid_accuracy  0.5  test_accuracy  0.38644688644688646
[2023-08-17 21:12:36] PRINT 4    train speedup 1.4886837  valid speedup  1.2158959  test speedup  6.066585
[2023-08-17 21:12:38] PRINT 5    train_accuracy  0.5057471264367817  valid_accuracy  0.5  test_accuracy  0.38644688644688646
[2023-08-17 21:12:38] PRINT 5    train speedup 1.6142637  valid speedup  1.2571859  test speedup  6.8349915
[2023-08-17 21:12:41] PRINT 6    train_accuracy  0.5287356321839081  valid_accuracy  0.6818181818181818  test_accuracy  0.38095238095238093
[2023-08-17 21:12:41] PRINT 6    train speedup 1.6406872  valid speedup  1.2471331  test speedup  6.147915
[2023-08-17 21:12:43] PRINT 7    train_accuracy  0.4482758620689655  valid_accuracy  0.5  test_accuracy  0.5457875457875457
[2023-08-17 21:12:43] PRINT 7    train speedup 1.5462122  valid speedup  1.22467  test speedup  6.353552
[2023-08-17 21:12:46] PRINT 8    train_accuracy  0.4942528735632184  valid_accuracy  0.5  test_accuracy  0.6135531135531136
[2023-08-17 21:12:46] PRINT 8    train speedup 1.500524  valid speedup  1.208199  test speedup  6.4936953
[2023-08-17 21:12:48] PRINT 9    train_accuracy  0.4942528735632184  valid_accuracy  0.5  test_accuracy  0.6135531135531136
[2023-08-17 21:12:48] PRINT 9    train speedup 1.499066  valid speedup  1.245027  test speedup  7.137851
[2023-08-17 21:12:50] PRINT 10    train_accuracy  0.4942528735632184  valid_accuracy  0.5  test_accuracy  0.6135531135531136
[2023-08-17 21:12:50] PRINT 10    train speedup 1.5710759  valid speedup  1.2318294  test speedup  6.2341847
[2023-08-17 21:12:52] PRINT 11    train_accuracy  0.4942528735632184  valid_accuracy  0.5  test_accuracy  0.6135531135531136
[2023-08-17 21:12:52] PRINT 11    train speedup 1.5626116  valid speedup  1.235594  test speedup  6.6722016
[2023-08-17 21:12:55] PRINT 12    train_accuracy  0.4942528735632184  valid_accuracy  0.5  test_accuracy  0.6135531135531136
[2023-08-17 21:12:55] PRINT 12    train speedup 1.44586  valid speedup  1.2394106  test speedup  6.5444517
[2023-08-17 21:12:57] PRINT 13    train_accuracy  0.4942528735632184  valid_accuracy  0.5  test_accuracy  0.6135531135531136
[2023-08-17 21:12:57] PRINT 13    train speedup 1.531322  valid speedup  1.2133958  test speedup  6.162538
[2023-08-17 21:13:00] PRINT 14    train_accuracy  0.4942528735632184  valid_accuracy  0.5  test_accuracy  0.6135531135531136
[2023-08-17 21:13:00] PRINT 14    train speedup 1.516558  valid speedup  1.2105156  test speedup  5.6316705
[2023-08-17 21:13:00] PRINT start conformal prediction
[2023-08-17 21:13:10] PRINT naive find accuracy: 56.59%, precision: 15.79%, recall: 2.84%, F1: 4.82%
[2023-08-17 21:13:10] PRINT score find accuracy: 61.36%, precision: 0.00%, recall: 0.00%, F1: 0.00%
[2023-08-17 21:13:10] PRINT cumulated_score find accuracy: 61.36%, precision: 0.00%, recall: 0.00%, F1: 0.00%
[2023-08-17 21:13:10] PRINT random_cumulated_score find accuracy: 62.09%, precision: 100.00%, recall: 1.90%, F1: 3.72%
[2023-08-17 21:13:10] PRINT top_k find accuracy: 61.36%, precision: 0.00%, recall: 0.00%, F1: 0.00%
[2023-08-17 21:13:10] PRINT mixture find accuracy: 57.33%, precision: 23.81%, recall: 4.74%, F1: 7.91%
[2023-08-17 21:13:10] PRINT mixture is the best approachbest accuracy: 57.33%, best precision: 23.81%, best recall: 4.74%, best F1: 7.91%
[2023-08-17 21:13:43] PRINT increment_train 1.5289048 increment speedup  6.5514545 improved speedup 0.91978407
[2023-08-17 21:13:43] PRINT random_seed:  346643
