[2023-08-17 21:20:31] PRINT random_seed 572084
[2023-08-17 21:20:31] PRINT suite_train {'shoc-1.1.5': {'subdir': 'src/opencl/level1'}, 'polybench-gpu-1.0': {'subdir': 'OpenCL', 'remappings': {'2DConvolution': '2DCONV', '2mm': '2MM', '3DConvolution': '3DCONV', '3mm': '3MM', 'atax': 'ATAX', 'bicg': 'BICG', 'correlation': 'CORR', 'covariance': 'COVAR', 'gemm': 'GEMM', 'gesummv': 'GESUMMV', 'gramschmidt': 'GRAMSCHM', 'mvt': 'MVT', 'syr2k': 'SYR2K', 'syrk': 'SYRK'}}, 'npb-3.3': {'subdir': ''}, 'nvidia-4.2': {'subdir': 'OpenCL/src', 'benchmark_name_prefix': 'ocl'}, 'rodinia-3.1': {'subdir': 'opencl'}}
[2023-08-17 21:20:31] PRINT test_dict {'amd-app-sdk-3.0': {'subdir': 'samples/opencl/cl/1.x'}, 'parboil-0.2': {'subdir': 'benchmarks'}}
[2023-08-17 21:20:31] PRINT Processing LLVMGraphBuilder-LLVMCDFGPlusVisitor-GnnPytorchGeomModel
[2023-08-17 21:21:07] PRINT Size of dataset: 642
[2023-08-17 21:21:09] PRINT Size of dataset: 35
[2023-08-17 21:21:10] PRINT 
[2023-08-17 21:21:14] PRINT 0    train_accuracy  0.5934579439252337  valid_accuracy  0.5934579439252337  test_accuracy  0.5428571428571428
[2023-08-17 21:21:14] PRINT 0    train speedup 5.0724893  valid speedup  3.4149394  test speedup  1.871199
[2023-08-17 21:21:18] PRINT 1    train_accuracy  0.5934579439252337  valid_accuracy  0.5934579439252337  test_accuracy  0.5428571428571428
[2023-08-17 21:21:18] PRINT 1    train speedup 5.081105  valid speedup  3.4852583  test speedup  1.2822373
[2023-08-17 21:21:22] PRINT 2    train_accuracy  0.5934579439252337  valid_accuracy  0.5934579439252337  test_accuracy  0.5428571428571428
[2023-08-17 21:21:22] PRINT 2    train speedup 4.849004  valid speedup  3.3130264  test speedup  1.7173649
[2023-08-17 21:21:27] PRINT 3    train_accuracy  0.5934579439252337  valid_accuracy  0.5934579439252337  test_accuracy  0.5428571428571428
[2023-08-17 21:21:27] PRINT 3    train speedup 5.13703  valid speedup  3.6043615  test speedup  1.8364004
[2023-08-17 21:21:31] PRINT 4    train_accuracy  0.5934579439252337  valid_accuracy  0.5934579439252337  test_accuracy  0.5428571428571428
[2023-08-17 21:21:31] PRINT 4    train speedup 5.0611734  valid speedup  3.495791  test speedup  1.4725815
[2023-08-17 21:21:35] PRINT 5    train_accuracy  0.5934579439252337  valid_accuracy  0.5934579439252337  test_accuracy  0.5428571428571428
[2023-08-17 21:21:35] PRINT 5    train speedup 4.8880625  valid speedup  3.3412354  test speedup  1.6942958
[2023-08-17 21:21:39] PRINT 6    train_accuracy  0.5934579439252337  valid_accuracy  0.5934579439252337  test_accuracy  0.5428571428571428
[2023-08-17 21:21:39] PRINT 6    train speedup 4.7213397  valid speedup  3.5264082  test speedup  1.8286915
[2023-08-17 21:21:43] PRINT 7    train_accuracy  0.5934579439252337  valid_accuracy  0.5934579439252337  test_accuracy  0.5428571428571428
[2023-08-17 21:21:43] PRINT 7    train speedup 5.077895  valid speedup  3.4274461  test speedup  1.9351932
[2023-08-17 21:21:48] PRINT 8    train_accuracy  0.5934579439252337  valid_accuracy  0.5934579439252337  test_accuracy  0.5428571428571428
[2023-08-17 21:21:48] PRINT 8    train speedup 5.3707  valid speedup  3.5713003  test speedup  1.4024719
[2023-08-17 21:21:52] PRINT 9    train_accuracy  0.5934579439252337  valid_accuracy  0.5934579439252337  test_accuracy  0.5428571428571428
[2023-08-17 21:21:52] PRINT 9    train speedup 5.167843  valid speedup  3.5757177  test speedup  1.8633146
[2023-08-17 21:21:56] PRINT 10    train_accuracy  0.5934579439252337  valid_accuracy  0.5934579439252337  test_accuracy  0.5428571428571428
[2023-08-17 21:21:56] PRINT 10    train speedup 5.3425984  valid speedup  3.3708138  test speedup  1.8797231
[2023-08-17 21:22:01] PRINT 11    train_accuracy  0.5934579439252337  valid_accuracy  0.5934579439252337  test_accuracy  0.5428571428571428
[2023-08-17 21:22:01] PRINT 11    train speedup 5.240226  valid speedup  3.5501065  test speedup  1.830407
[2023-08-17 21:22:05] PRINT 12    train_accuracy  0.5934579439252337  valid_accuracy  0.5934579439252337  test_accuracy  0.5428571428571428
[2023-08-17 21:22:05] PRINT 12    train speedup 5.124888  valid speedup  3.3359814  test speedup  1.4775987
[2023-08-17 21:22:09] PRINT 13    train_accuracy  0.5934579439252337  valid_accuracy  0.5934579439252337  test_accuracy  0.5428571428571428
[2023-08-17 21:22:09] PRINT 13    train speedup 5.4964504  valid speedup  3.3470712  test speedup  1.7696874
[2023-08-17 21:22:13] PRINT 14    train_accuracy  0.5934579439252337  valid_accuracy  0.5934579439252337  test_accuracy  0.5428571428571428
[2023-08-17 21:22:13] PRINT 14    train speedup 5.411626  valid speedup  3.4290786  test speedup  1.9316578
[2023-08-17 21:22:18] PRINT 15    train_accuracy  0.5934579439252337  valid_accuracy  0.5934579439252337  test_accuracy  0.5428571428571428
[2023-08-17 21:22:18] PRINT 15    train speedup 5.2664204  valid speedup  3.4409518  test speedup  1.6105349
[2023-08-17 21:22:21] PRINT 16    train_accuracy  0.5934579439252337  valid_accuracy  0.5934579439252337  test_accuracy  0.5428571428571428
[2023-08-17 21:22:21] PRINT 16    train speedup 5.0379534  valid speedup  3.6961863  test speedup  1.2449621
[2023-08-17 21:22:26] PRINT 17    train_accuracy  0.5934579439252337  valid_accuracy  0.5934579439252337  test_accuracy  0.5428571428571428
[2023-08-17 21:22:26] PRINT 17    train speedup 5.2278275  valid speedup  3.0963185  test speedup  1.8736703
[2023-08-17 21:22:30] PRINT 18    train_accuracy  0.5934579439252337  valid_accuracy  0.5934579439252337  test_accuracy  0.5428571428571428
[2023-08-17 21:22:30] PRINT 18    train speedup 5.2128773  valid speedup  3.4349325  test speedup  1.7343699
[2023-08-17 21:22:34] PRINT 19    train_accuracy  0.5934579439252337  valid_accuracy  0.5934579439252337  test_accuracy  0.5428571428571428
[2023-08-17 21:22:34] PRINT 19    train speedup 5.062979  valid speedup  3.4737728  test speedup  1.5209844
[2023-08-17 21:22:34] PRINT start conformal prediction
[2023-08-17 21:22:36] PRINT naive find accuracy: 54.29%, precision: 0.00%, recall: 0.00%, F1: 0.00%
[2023-08-17 21:22:36] PRINT score find accuracy: 54.29%, precision: 0.00%, recall: 0.00%, F1: 0.00%
[2023-08-17 21:22:36] PRINT cumulated_score find accuracy: 54.29%, precision: 0.00%, recall: 0.00%, F1: 0.00%
[2023-08-17 21:22:36] PRINT random_cumulated_score find accuracy: 54.29%, precision: 0.00%, recall: 0.00%, F1: 0.00%
[2023-08-17 21:22:36] PRINT top_k find accuracy: 54.29%, precision: 0.00%, recall: 0.00%, F1: 0.00%
[2023-08-17 21:22:36] PRINT mixture find accuracy: 54.29%, precision: 0.00%, recall: 0.00%, F1: 0.00%
[2023-08-17 21:22:36] PRINT  NONE is the best approachbest accuracy: 54.29%, best precision: 0.00%, best recall: 0.00%, best F1: 0.00%
[2023-08-17 21:23:45] PRINT increment_train 5.2253904 increment speedup  1.8286915 improved speedup 0.30770707
[2023-08-17 21:23:46] PRINT random_seed:  572084
