[2023-08-17 18:53:27] PRINT random_seed 385906
[2023-08-17 18:53:27] PRINT suite_train {'polybench-gpu-1.0': {'subdir': 'OpenCL', 'remappings': {'2DConvolution': '2DCONV', '2mm': '2MM', '3DConvolution': '3DCONV', '3mm': '3MM', 'atax': 'ATAX', 'bicg': 'BICG', 'correlation': 'CORR', 'covariance': 'COVAR', 'gemm': 'GEMM', 'gesummv': 'GESUMMV', 'gramschmidt': 'GRAMSCHM', 'mvt': 'MVT', 'syr2k': 'SYR2K', 'syrk': 'SYRK'}}, 'parboil-0.2': {'subdir': 'benchmarks'}, 'rodinia-3.1': {'subdir': 'opencl'}, 'amd-app-sdk-3.0': {'subdir': 'samples/opencl/cl/1.x'}, 'shoc-1.1.5': {'subdir': 'src/opencl/level1'}}
[2023-08-17 18:53:27] PRINT test_dict {'nvidia-4.2': {'subdir': 'OpenCL/src', 'benchmark_name_prefix': 'ocl'}, 'npb-3.3': {'subdir': ''}}
[2023-08-17 18:53:27] PRINT Processing SyntaxSeqBuilder-SyntaxTokenkindVariableVisitor-RnnTfModel
[2023-08-17 18:53:37] PRINT Size of dataset: 138
[2023-08-17 18:53:46] PRINT Size of dataset: 539
[2023-08-17 18:53:46] WARNING (tensorflow/MainThread) From /home/huanting/anaconda3/envs/dev/lib/python3.7/site-packages/keras/layers/normalization/batch_normalization.py:532: _colocate_with (from tensorflow.python.framework.ops) is deprecated and will be removed in a future version.
Instructions for updating:
Colocations handled automatically by placer.
[2023-08-17 18:53:46] PRINT 
[2023-08-17 18:53:55] PRINT 0    train_accuracy  0.5760869539302328  valid_accuracy  0.5  test_accuracy  0.39332096474953615
[2023-08-17 18:53:55] PRINT 0    train speedup 1.6489488100288765  valid speedup  1.2183249713365683  test speedup  7.71354274004575
[2023-08-17 18:54:03] PRINT 1    train_accuracy  0.6739130382952483  valid_accuracy  0.5  test_accuracy  0.4155844155844156
[2023-08-17 18:54:03] PRINT 1    train speedup 1.6469785627579094  valid speedup  1.2209418741702491  test speedup  7.174367270669827
[2023-08-17 18:54:10] PRINT 2    train_accuracy  0.7282608643822048  valid_accuracy  0.5217391304347826  test_accuracy  0.45454545454545453
[2023-08-17 18:54:10] PRINT 2    train speedup 1.6513463112342674  valid speedup  1.267298804380572  test speedup  6.787364676501446
[2023-08-17 18:54:17] PRINT 3    train_accuracy  0.8043478183124376  valid_accuracy  0.5217391304347826  test_accuracy  0.49536178107606677
[2023-08-17 18:54:17] PRINT 3    train speedup 1.646325642940437  valid speedup  1.2270795140607655  test speedup  7.094273968467101
[2023-08-17 18:54:25] PRINT 4    train_accuracy  0.8369565165561178  valid_accuracy  0.5652173913043478  test_accuracy  0.634508348794063
[2023-08-17 18:54:25] PRINT 4    train speedup 1.6532020960132063  valid speedup  1.337509107545464  test speedup  7.354894189895014
[2023-08-17 18:54:32] PRINT 5    train_accuracy  0.8804347800171893  valid_accuracy  0.5869565217391305  test_accuracy  0.647495361781076
[2023-08-17 18:54:32] PRINT 5    train speedup 1.6308733563848414  valid speedup  1.2873296855920404  test speedup  7.642556210081419
[2023-08-17 18:54:39] PRINT 6    train_accuracy  0.8913043400515681  valid_accuracy  0.6956521739130435  test_accuracy  0.634508348794063
[2023-08-17 18:54:39] PRINT 6    train speedup 1.6437111769452362  valid speedup  1.2064045787489561  test speedup  7.623130437253281
[2023-08-17 18:54:47] PRINT 7    train_accuracy  0.9347826009211333  valid_accuracy  0.7391304347826086  test_accuracy  0.640074211502783
[2023-08-17 18:54:47] PRINT 7    train speedup 1.650582402171442  valid speedup  1.1878025666379082  test speedup  7.374363491457735
[2023-08-17 18:54:54] PRINT 8    train_accuracy  0.9130434834438822  valid_accuracy  0.5869565217391305  test_accuracy  0.6252319109461967
[2023-08-17 18:54:54] PRINT 8    train speedup 1.6414855561663315  valid speedup  1.2641643374771536  test speedup  7.277487745774471
[2023-08-17 18:55:02] PRINT 9    train_accuracy  0.9782608695652174  valid_accuracy  0.6956521739130435  test_accuracy  0.6252319109461967
[2023-08-17 18:55:02] PRINT 9    train speedup 1.6509570659828736  valid speedup  1.330975638859356  test speedup  7.525460100919921
[2023-08-17 18:55:09] PRINT 10    train_accuracy  1.0  valid_accuracy  0.5869565217391305  test_accuracy  0.62152133580705
[2023-08-17 18:55:09] PRINT 10    train speedup 1.6436242635472267  valid speedup  1.3235243006200295  test speedup  7.205437783310849
[2023-08-17 18:55:17] PRINT 11    train_accuracy  1.0  valid_accuracy  0.5652173913043478  test_accuracy  0.6122448979591837
[2023-08-17 18:55:17] PRINT 11    train speedup 1.6453084389859018  valid speedup  1.2810359673703444  test speedup  7.262601396700976
[2023-08-17 18:55:24] PRINT 12    train_accuracy  0.9891304399656213  valid_accuracy  0.6304347826086957  test_accuracy  0.614100185528757
[2023-08-17 18:55:24] PRINT 12    train speedup 1.6523830980360643  valid speedup  1.155812128869297  test speedup  7.5071867775876555
[2023-08-17 18:55:31] PRINT 13    train_accuracy  1.0  valid_accuracy  0.782608695652174  test_accuracy  0.6196660482374768
[2023-08-17 18:55:31] PRINT 13    train speedup 1.6531634089793381  valid speedup  1.2063683397374125  test speedup  7.4704417052662615
[2023-08-17 18:55:39] PRINT 14    train_accuracy  0.9891304347826086  valid_accuracy  0.6521739130434783  test_accuracy  0.6103896103896104
[2023-08-17 18:55:39] PRINT 14    train speedup 1.6509867910650267  valid speedup  1.2195467349235707  test speedup  7.684685493415399
[2023-08-17 18:55:47] PRINT 15    train_accuracy  0.9891304347826086  valid_accuracy  0.5434782608695652  test_accuracy  0.6066790352504638
[2023-08-17 18:55:47] PRINT 15    train speedup 1.6464592228396706  valid speedup  1.2894158402508678  test speedup  7.7430411953367635
[2023-08-17 18:55:55] PRINT 16    train_accuracy  1.0  valid_accuracy  0.6521739130434783  test_accuracy  0.6103896103896104
[2023-08-17 18:55:55] PRINT 16    train speedup 1.6458511382752548  valid speedup  1.240679938407771  test speedup  7.750842920145378
[2023-08-17 18:56:03] PRINT 17    train_accuracy  0.9782608617906985  valid_accuracy  0.8260869565217391  test_accuracy  0.6289424860853432
[2023-08-17 18:56:03] PRINT 17    train speedup 1.6508105624838894  valid speedup  1.1300681712844562  test speedup  7.8489238816457165
[2023-08-17 18:56:11] PRINT 18    train_accuracy  0.9239130434782609  valid_accuracy  0.782608695652174  test_accuracy  0.62708719851577
[2023-08-17 18:56:11] PRINT 18    train speedup 1.6539701915613383  valid speedup  1.2244787116078484  test speedup  6.8702665439716135
[2023-08-17 18:56:19] PRINT 19    train_accuracy  0.9782608695652174  valid_accuracy  0.782608695652174  test_accuracy  0.6252319109461967
[2023-08-17 18:56:19] PRINT 19    train speedup 1.6459765964687456  valid speedup  1.286487368611743  test speedup  7.351700427268585
[2023-08-17 18:56:19] PRINT start conformal prediction
[2023-08-17 18:56:33] PRINT naive find accuracy: 62.52%, precision: 0.00%, recall: 0.00%, F1: 0.00%
[2023-08-17 18:56:33] PRINT score find accuracy: 62.34%, precision: 0.00%, recall: 0.00%, F1: 0.00%
[2023-08-17 18:56:33] PRINT cumulated_score find accuracy: 62.52%, precision: 0.00%, recall: 0.00%, F1: 0.00%
[2023-08-17 18:56:33] PRINT random_cumulated_score find accuracy: 60.11%, precision: 41.33%, recall: 15.35%, F1: 22.38%
[2023-08-17 18:56:33] PRINT top_k find accuracy: 62.52%, precision: 0.00%, recall: 0.00%, F1: 0.00%
[2023-08-17 18:56:33] PRINT mixture find accuracy: 60.11%, precision: 41.33%, recall: 15.35%, F1: 22.38%
[2023-08-17 18:56:33] PRINT random_cumulated_score is the best approachbest accuracy: 60.11%, best precision: 41.33%, best recall: 15.35%, best F1: 22.38%
[2023-08-17 18:59:00] PRINT increment_train 1.6528348501896053 increment speedup  7.981317277536019 improved speedup 0.6296168502674337
[2023-08-17 18:59:00] PRINT random_seed:  385906
