[2023-08-17 08:51:55] PRINT random_seed 675609
[2023-08-17 08:51:55] PRINT suite_train {'amd-app-sdk-3.0': {'subdir': 'samples/opencl/cl/1.x'}, 'rodinia-3.1': {'subdir': 'opencl'}, 'shoc-1.1.5': {'subdir': 'src/opencl/level1'}, 'parboil-0.2': {'subdir': 'benchmarks'}, 'polybench-gpu-1.0': {'subdir': 'OpenCL', 'remappings': {'2DConvolution': '2DCONV', '2mm': '2MM', '3DConvolution': '3DCONV', '3mm': '3MM', 'atax': 'ATAX', 'bicg': 'BICG', 'correlation': 'CORR', 'covariance': 'COVAR', 'gemm': 'GEMM', 'gesummv': 'GESUMMV', 'gramschmidt': 'GRAMSCHM', 'mvt': 'MVT', 'syr2k': 'SYR2K', 'syrk': 'SYRK'}}}
[2023-08-17 08:51:55] PRINT test_dict {'npb-3.3': {'subdir': ''}, 'nvidia-4.2': {'subdir': 'OpenCL/src', 'benchmark_name_prefix': 'ocl'}}
[2023-08-17 08:51:55] PRINT Processing LLVMGraphBuilder-LLVMProGraMLVisitor-GnnPytorchGeomModel
[2023-08-17 08:52:37] PRINT Size of dataset: 138
[2023-08-17 08:53:19] PRINT Size of dataset: 539
[2023-08-17 08:53:21] PRINT 
[2023-08-17 08:53:26] PRINT 0    train_accuracy  0.532608695652174  valid_accuracy  0.5217391304347826  test_accuracy  0.6066790352504638
[2023-08-17 08:53:26] PRINT 0    train speedup 1.4050043  valid speedup  1.6801081  test speedup  7.330462
[2023-08-17 08:53:30] PRINT 1    train_accuracy  0.532608695652174  valid_accuracy  0.5217391304347826  test_accuracy  0.6066790352504638
[2023-08-17 08:53:30] PRINT 1    train speedup 1.4389029  valid speedup  1.5640123  test speedup  7.7846346
[2023-08-17 08:53:33] PRINT 2    train_accuracy  0.532608695652174  valid_accuracy  0.5217391304347826  test_accuracy  0.6066790352504638
[2023-08-17 08:53:33] PRINT 2    train speedup 1.43184  valid speedup  1.7876657  test speedup  8.005105
[2023-08-17 08:53:38] PRINT 3    train_accuracy  0.532608695652174  valid_accuracy  0.5217391304347826  test_accuracy  0.6066790352504638
[2023-08-17 08:53:38] PRINT 3    train speedup 1.4267113  valid speedup  1.7566012  test speedup  7.7424865
[2023-08-17 08:53:41] PRINT 4    train_accuracy  0.532608695652174  valid_accuracy  0.5217391304347826  test_accuracy  0.6066790352504638
[2023-08-17 08:53:41] PRINT 4    train speedup 1.4167691  valid speedup  1.7660599  test speedup  7.24058
[2023-08-17 08:53:46] PRINT 5    train_accuracy  0.532608695652174  valid_accuracy  0.5217391304347826  test_accuracy  0.6066790352504638
[2023-08-17 08:53:46] PRINT 5    train speedup 1.4370996  valid speedup  1.7256976  test speedup  7.693765
[2023-08-17 08:53:49] PRINT 6    train_accuracy  0.6739130434782609  valid_accuracy  0.717391304347826  test_accuracy  0.44341372912801486
[2023-08-17 08:53:49] PRINT 6    train speedup 1.4312959  valid speedup  1.7286197  test speedup  7.442112
[2023-08-17 08:53:52] PRINT 7    train_accuracy  0.7282608695652174  valid_accuracy  0.6739130434782609  test_accuracy  0.4007421150278293
[2023-08-17 08:53:52] PRINT 7    train speedup 1.4386857  valid speedup  1.5969691  test speedup  7.111674
[2023-08-17 08:53:58] PRINT 8    train_accuracy  0.717391304347826  valid_accuracy  0.6956521739130435  test_accuracy  0.39888682745825604
[2023-08-17 08:53:58] PRINT 8    train speedup 1.438882  valid speedup  1.8151804  test speedup  7.3931766
[2023-08-17 08:54:01] PRINT 9    train_accuracy  0.7391304347826086  valid_accuracy  0.782608695652174  test_accuracy  0.43042671614100186
[2023-08-17 08:54:01] PRINT 9    train speedup 1.432124  valid speedup  1.6525218  test speedup  7.4302726
[2023-08-17 08:54:07] PRINT 10    train_accuracy  0.7934782608695652  valid_accuracy  0.6956521739130435  test_accuracy  0.46382189239332094
[2023-08-17 08:54:07] PRINT 10    train speedup 1.4392617  valid speedup  1.7669619  test speedup  6.8704686
[2023-08-17 08:54:10] PRINT 11    train_accuracy  0.7934782608695652  valid_accuracy  0.717391304347826  test_accuracy  0.3821892393320965
[2023-08-17 08:54:10] PRINT 11    train speedup 1.4225731  valid speedup  1.6651369  test speedup  7.489494
[2023-08-17 08:54:13] PRINT 12    train_accuracy  0.7391304347826086  valid_accuracy  0.7391304347826086  test_accuracy  0.39517625231910947
[2023-08-17 08:54:13] PRINT 12    train speedup 1.4367701  valid speedup  1.7880857  test speedup  7.6649747
[2023-08-17 08:54:17] PRINT 13    train_accuracy  0.8043478260869565  valid_accuracy  0.7391304347826086  test_accuracy  0.38404452690166974
[2023-08-17 08:54:17] PRINT 13    train speedup 1.4235882  valid speedup  1.761225  test speedup  7.321353
[2023-08-17 08:54:21] PRINT 14    train_accuracy  0.8043478260869565  valid_accuracy  0.717391304347826  test_accuracy  0.3747680890538033
[2023-08-17 08:54:21] PRINT 14    train speedup 1.42605  valid speedup  1.7458936  test speedup  7.4444866
[2023-08-17 08:54:25] PRINT 15    train_accuracy  0.8478260869565217  valid_accuracy  0.782608695652174  test_accuracy  0.3914656771799629
[2023-08-17 08:54:25] PRINT 15    train speedup 1.4034669  valid speedup  1.6354723  test speedup  6.7429147
[2023-08-17 08:54:32] PRINT 16    train_accuracy  0.8369565217391305  valid_accuracy  0.782608695652174  test_accuracy  0.3914656771799629
[2023-08-17 08:54:32] PRINT 16    train speedup 1.3903089  valid speedup  1.6191833  test speedup  6.785142
[2023-08-17 08:54:37] PRINT 17    train_accuracy  0.8586956521739131  valid_accuracy  0.782608695652174  test_accuracy  0.39332096474953615
[2023-08-17 08:54:37] PRINT 17    train speedup 1.386351  valid speedup  1.6091869  test speedup  6.746616
[2023-08-17 08:54:41] PRINT 18    train_accuracy  0.8695652173913043  valid_accuracy  0.7391304347826086  test_accuracy  0.39332096474953615
[2023-08-17 08:54:41] PRINT 18    train speedup 1.4393978  valid speedup  1.784342  test speedup  6.783593
[2023-08-17 08:54:47] PRINT 19    train_accuracy  0.8586956521739131  valid_accuracy  0.782608695652174  test_accuracy  0.39332096474953615
[2023-08-17 08:54:47] PRINT 19    train speedup 1.428248  valid speedup  1.7144644  test speedup  7.143416
[2023-08-17 08:54:47] PRINT start conformal prediction
[2023-08-17 08:54:59] PRINT naive find accuracy: 39.33%, precision: 0.00%, recall: 0.00%, F1: 0.00%
[2023-08-17 08:54:59] PRINT score find accuracy: 39.33%, precision: 0.00%, recall: 0.00%, F1: 0.00%
[2023-08-17 08:54:59] PRINT cumulated_score find accuracy: 39.33%, precision: 0.00%, recall: 0.00%, F1: 0.00%
[2023-08-17 08:54:59] PRINT random_cumulated_score find accuracy: 41.37%, precision: 64.10%, recall: 7.65%, F1: 13.66%
[2023-08-17 08:54:59] PRINT top_k find accuracy: 39.33%, precision: 0.00%, recall: 0.00%, F1: 0.00%
[2023-08-17 08:54:59] PRINT mixture find accuracy: 41.37%, precision: 64.10%, recall: 7.65%, F1: 13.66%
[2023-08-17 08:54:59] PRINT random_cumulated_score is the best approachbest accuracy: 41.37%, best precision: 64.10%, best recall: 7.65%, best F1: 13.66%
[2023-08-17 08:56:34] PRINT increment_train 1.4345607 increment speedup  7.679972 improved speedup 0.53655624
[2023-08-17 08:56:35] PRINT random_seed:  675609
