[2023-08-17 23:00:07] PRINT random_seed 968981
[2023-08-17 23:00:07] PRINT suite_train {'parboil-0.2': {'subdir': 'benchmarks'}, 'amd-app-sdk-3.0': {'subdir': 'samples/opencl/cl/1.x'}, 'shoc-1.1.5': {'subdir': 'src/opencl/level1'}, 'nvidia-4.2': {'subdir': 'OpenCL/src', 'benchmark_name_prefix': 'ocl'}, 'rodinia-3.1': {'subdir': 'opencl'}}
[2023-08-17 23:00:07] PRINT test_dict {'npb-3.3': {'subdir': ''}, 'polybench-gpu-1.0': {'subdir': 'OpenCL', 'remappings': {'2DConvolution': '2DCONV', '2mm': '2MM', '3DConvolution': '3DCONV', '3mm': '3MM', 'atax': 'ATAX', 'bicg': 'BICG', 'correlation': 'CORR', 'covariance': 'COVAR', 'gemm': 'GEMM', 'gesummv': 'GESUMMV', 'gramschmidt': 'GRAMSCHM', 'mvt': 'MVT', 'syr2k': 'SYR2K', 'syrk': 'SYRK'}}}
[2023-08-17 23:00:07] PRINT Processing LLVMGraphBuilder-LLVMCDFGPlusVisitor-GnnPytorchGeomModel
[2023-08-17 23:00:27] PRINT Size of dataset: 123
[2023-08-17 23:00:45] PRINT Size of dataset: 554
[2023-08-17 23:00:46] PRINT 
[2023-08-17 23:00:48] PRINT 0    train_accuracy  0.5853658536585366  valid_accuracy  0.5853658536585366  test_accuracy  0.592057761732852
[2023-08-17 23:00:48] PRINT 0    train speedup 1.6075729  valid speedup  1.645062  test speedup  6.162457
[2023-08-17 23:00:49] PRINT 1    train_accuracy  0.5853658536585366  valid_accuracy  0.5853658536585366  test_accuracy  0.592057761732852
[2023-08-17 23:00:49] PRINT 1    train speedup 1.6402951  valid speedup  1.5609556  test speedup  6.380595
[2023-08-17 23:00:51] PRINT 2    train_accuracy  0.5853658536585366  valid_accuracy  0.5853658536585366  test_accuracy  0.592057761732852
[2023-08-17 23:00:51] PRINT 2    train speedup 1.6704657  valid speedup  1.53413  test speedup  6.8880587
[2023-08-17 23:00:53] PRINT 3    train_accuracy  0.5853658536585366  valid_accuracy  0.5853658536585366  test_accuracy  0.592057761732852
[2023-08-17 23:00:53] PRINT 3    train speedup 1.5803978  valid speedup  1.5367789  test speedup  6.589551
[2023-08-17 23:00:55] PRINT 4    train_accuracy  0.5853658536585366  valid_accuracy  0.5853658536585366  test_accuracy  0.592057761732852
[2023-08-17 23:00:55] PRINT 4    train speedup 1.691197  valid speedup  1.6093758  test speedup  6.3866954
[2023-08-17 23:00:57] PRINT 5    train_accuracy  0.5853658536585366  valid_accuracy  0.5853658536585366  test_accuracy  0.592057761732852
[2023-08-17 23:00:57] PRINT 5    train speedup 1.3478352  valid speedup  1.5005041  test speedup  6.149877
[2023-08-17 23:00:59] PRINT 6    train_accuracy  0.5853658536585366  valid_accuracy  0.5853658536585366  test_accuracy  0.592057761732852
[2023-08-17 23:00:59] PRINT 6    train speedup 1.5582691  valid speedup  1.4924607  test speedup  6.0218806
[2023-08-17 23:01:00] PRINT 7    train_accuracy  0.5853658536585366  valid_accuracy  0.5853658536585366  test_accuracy  0.592057761732852
[2023-08-17 23:01:00] PRINT 7    train speedup 1.5964057  valid speedup  1.6166657  test speedup  5.965628
[2023-08-17 23:01:03] PRINT 8    train_accuracy  0.5853658536585366  valid_accuracy  0.5853658536585366  test_accuracy  0.592057761732852
[2023-08-17 23:01:03] PRINT 8    train speedup 0.8784524  valid speedup  1.537337  test speedup  6.4885387
[2023-08-17 23:01:04] PRINT 9    train_accuracy  0.5853658536585366  valid_accuracy  0.5853658536585366  test_accuracy  0.592057761732852
[2023-08-17 23:01:04] PRINT 9    train speedup 1.8543391  valid speedup  1.5432857  test speedup  6.4048457
[2023-08-17 23:01:04] PRINT start conformal prediction
[2023-08-17 23:01:06] PRINT naive find accuracy: 59.21%, precision: 0.00%, recall: 0.00%, F1: 0.00%
[2023-08-17 23:01:06] PRINT score find accuracy: 61.55%, precision: 59.42%, recall: 18.14%, F1: 27.80%
[2023-08-17 23:01:06] PRINT cumulated_score find accuracy: 59.21%, precision: 0.00%, recall: 0.00%, F1: 0.00%
[2023-08-17 23:01:06] PRINT random_cumulated_score find accuracy: 59.39%, precision: 52.94%, recall: 3.98%, F1: 7.41%
[2023-08-17 23:01:06] PRINT top_k find accuracy: 59.21%, precision: 0.00%, recall: 0.00%, F1: 0.00%
[2023-08-17 23:01:06] PRINT mixture find accuracy: 61.55%, precision: 57.65%, recall: 21.68%, F1: 31.51%
[2023-08-17 23:01:06] PRINT mixture is the best approachbest accuracy: 61.55%, best precision: 57.65%, best recall: 21.68%, best F1: 31.51%
[2023-08-17 23:01:24] PRINT increment_train 1.6725268 increment speedup  6.584943 improved speedup 0.1800971
[2023-08-17 23:01:24] PRINT random_seed:  968981
