Performing C SOURCE FILE Test CMAKE_HAVE_LIBC_PTHREAD failed with the following output:
Change Dir: /cgo/prom/PROM/examples/case_study/DeviceM/CMakeFiles/CMakeTmp

Run Build Command(s):/usr/bin/make -f Makefile cmTC_ebb9e/fast && /usr/bin/make  -f CMakeFiles/cmTC_ebb9e.dir/build.make CMakeFiles/cmTC_ebb9e.dir/build
make[1]: Entering directory '/cgo/prom/PROM/examples/case_study/DeviceM/CMakeFiles/CMakeTmp'
Building C object CMakeFiles/cmTC_ebb9e.dir/src.c.o
/usr/bin/cc -DCMAKE_HAVE_LIBC_PTHREAD   -o CMakeFiles/cmTC_ebb9e.dir/src.c.o -c /cgo/prom/PROM/examples/case_study/DeviceM/CMakeFiles/CMakeTmp/src.c
Linking C executable cmTC_ebb9e
/root/cmake-3.22.1-linux-x86_64/bin/cmake -E cmake_link_script CMakeFiles/cmTC_ebb9e.dir/link.txt --verbose=1
/usr/bin/cc -rdynamic CMakeFiles/cmTC_ebb9e.dir/src.c.o -o cmTC_ebb9e 
CMakeFiles/cmTC_ebb9e.dir/src.c.o: In function `main':
src.c:(.text+0x3e): undefined reference to `pthread_create'
src.c:(.text+0x4a): undefined reference to `pthread_detach'
src.c:(.text+0x56): undefined reference to `pthread_cancel'
src.c:(.text+0x67): undefined reference to `pthread_join'
src.c:(.text+0x7b): undefined reference to `pthread_atfork'
collect2: error: ld returned 1 exit status
CMakeFiles/cmTC_ebb9e.dir/build.make:98: recipe for target 'cmTC_ebb9e' failed
make[1]: *** [cmTC_ebb9e] Error 1
make[1]: Leaving directory '/cgo/prom/PROM/examples/case_study/DeviceM/CMakeFiles/CMakeTmp'
Makefile:127: recipe for target 'cmTC_ebb9e/fast' failed
make: *** [cmTC_ebb9e/fast] Error 2


Source file was:
#include <pthread.h>

static void* test_func(void* data)
{
  return data;
}

int main(void)
{
  pthread_t thread;
  pthread_create(&thread, NULL, test_func, NULL);
  pthread_detach(thread);
  pthread_cancel(thread);
  pthread_join(thread, NULL);
  pthread_atfork(NULL, NULL, NULL);
  pthread_exit(NULL);

  return 0;
}

Determining if the function pthread_create exists in the pthreads failed with the following output:
Change Dir: /cgo/prom/PROM/examples/case_study/DeviceM/CMakeFiles/CMakeTmp

Run Build Command(s):/usr/bin/make -f Makefile cmTC_4cf11/fast && /usr/bin/make  -f CMakeFiles/cmTC_4cf11.dir/build.make CMakeFiles/cmTC_4cf11.dir/build
make[1]: Entering directory '/cgo/prom/PROM/examples/case_study/DeviceM/CMakeFiles/CMakeTmp'
Building C object CMakeFiles/cmTC_4cf11.dir/CheckFunctionExists.c.o
/usr/bin/cc   -DCHECK_FUNCTION_EXISTS=pthread_create -o CMakeFiles/cmTC_4cf11.dir/CheckFunctionExists.c.o -c /root/cmake-3.22.1-linux-x86_64/share/cmake-3.22/Modules/CheckFunctionExists.c
Linking C executable cmTC_4cf11
/root/cmake-3.22.1-linux-x86_64/bin/cmake -E cmake_link_script CMakeFiles/cmTC_4cf11.dir/link.txt --verbose=1
/usr/bin/cc  -DCHECK_FUNCTION_EXISTS=pthread_create -rdynamic CMakeFiles/cmTC_4cf11.dir/CheckFunctionExists.c.o -o cmTC_4cf11  -lpthreads 
/usr/bin/ld: cannot find -lpthreads
collect2: error: ld returned 1 exit status
CMakeFiles/cmTC_4cf11.dir/build.make:98: recipe for target 'cmTC_4cf11' failed
make[1]: *** [cmTC_4cf11] Error 1
make[1]: Leaving directory '/cgo/prom/PROM/examples/case_study/DeviceM/CMakeFiles/CMakeTmp'
Makefile:127: recipe for target 'cmTC_4cf11/fast' failed
make: *** [cmTC_4cf11/fast] Error 2



