[2023-08-17 10:46:39] PRINT random_seed 169353
[2023-08-17 10:46:39] PRINT suite_train {'polybench-gpu-1.0': {'subdir': 'OpenCL', 'remappings': {'2DConvolution': '2DCONV', '2mm': '2MM', '3DConvolution': '3DCONV', '3mm': '3MM', 'atax': 'ATAX', 'bicg': 'BICG', 'correlation': 'CORR', 'covariance': 'COVAR', 'gemm': 'GEMM', 'gesummv': 'GESUMMV', 'gramschmidt': 'GRAMSCHM', 'mvt': 'MVT', 'syr2k': 'SYR2K', 'syrk': 'SYRK'}}, 'rodinia-3.1': {'subdir': 'opencl'}, 'parboil-0.2': {'subdir': 'benchmarks'}, 'amd-app-sdk-3.0': {'subdir': 'samples/opencl/cl/1.x'}, 'shoc-1.1.5': {'subdir': 'src/opencl/level1'}}
[2023-08-17 10:46:39] PRINT test_dict {'npb-3.3': {'subdir': ''}, 'nvidia-4.2': {'subdir': 'OpenCL/src', 'benchmark_name_prefix': 'ocl'}}
[2023-08-17 10:46:39] PRINT Processing LLVMGraphBuilder-LLVMProGraMLVisitor-GnnPytorchGeomModel
[2023-08-17 10:47:20] PRINT Size of dataset: 138
[2023-08-17 10:48:00] PRINT Size of dataset: 539
[2023-08-17 10:48:02] PRINT 
[2023-08-17 10:48:07] PRINT 0    train_accuracy  0.4673913043478261  valid_accuracy  0.4782608695652174  test_accuracy  0.39332096474953615
[2023-08-17 10:48:07] PRINT 0    train speedup 1.4815571  valid speedup  1.6298579  test speedup  8.023047
[2023-08-17 10:48:10] PRINT 1    train_accuracy  0.4673913043478261  valid_accuracy  0.4782608695652174  test_accuracy  0.39332096474953615
[2023-08-17 10:48:10] PRINT 1    train speedup 1.5019672  valid speedup  1.512789  test speedup  7.9483247
[2023-08-17 10:48:13] PRINT 2    train_accuracy  0.4673913043478261  valid_accuracy  0.5217391304347826  test_accuracy  0.39332096474953615
[2023-08-17 10:48:13] PRINT 2    train speedup 1.5035785  valid speedup  1.5146486  test speedup  7.2033925
[2023-08-17 10:48:18] PRINT 3    train_accuracy  0.5760869565217391  valid_accuracy  0.5217391304347826  test_accuracy  0.6066790352504638
[2023-08-17 10:48:18] PRINT 3    train speedup 1.5022331  valid speedup  1.5319538  test speedup  7.4341817
[2023-08-17 10:48:21] PRINT 4    train_accuracy  0.532608695652174  valid_accuracy  0.5217391304347826  test_accuracy  0.6066790352504638
[2023-08-17 10:48:21] PRINT 4    train speedup 1.490564  valid speedup  1.3485191  test speedup  7.421006
[2023-08-17 10:48:25] PRINT 5    train_accuracy  0.5543478260869565  valid_accuracy  0.5217391304347826  test_accuracy  0.45083487940630795
[2023-08-17 10:48:25] PRINT 5    train speedup 1.4676782  valid speedup  1.6073142  test speedup  7.4812803
[2023-08-17 10:48:29] PRINT 6    train_accuracy  0.6739130434782609  valid_accuracy  0.6521739130434783  test_accuracy  0.3970315398886827
[2023-08-17 10:48:29] PRINT 6    train speedup 1.496603  valid speedup  1.4862038  test speedup  7.253871
[2023-08-17 10:48:33] PRINT 7    train_accuracy  0.717391304347826  valid_accuracy  0.6956521739130435  test_accuracy  0.39517625231910947
[2023-08-17 10:48:33] PRINT 7    train speedup 1.495931  valid speedup  1.4870315  test speedup  7.6681623
[2023-08-17 10:48:36] PRINT 8    train_accuracy  0.717391304347826  valid_accuracy  0.6304347826086957  test_accuracy  0.39517625231910947
[2023-08-17 10:48:36] PRINT 8    train speedup 1.4975178  valid speedup  1.4541886  test speedup  7.679019
[2023-08-17 10:48:41] PRINT 9    train_accuracy  0.75  valid_accuracy  0.6739130434782609  test_accuracy  0.41187384044526903
[2023-08-17 10:48:41] PRINT 9    train speedup 1.4845768  valid speedup  1.4029325  test speedup  7.5464115
[2023-08-17 10:48:44] PRINT 10    train_accuracy  0.8695652173913043  valid_accuracy  0.6521739130434783  test_accuracy  0.39517625231910947
[2023-08-17 10:48:44] PRINT 10    train speedup 1.487369  valid speedup  1.616132  test speedup  7.484247
[2023-08-17 10:48:47] PRINT 11    train_accuracy  0.782608695652174  valid_accuracy  0.6956521739130435  test_accuracy  0.38589981447124305
[2023-08-17 10:48:47] PRINT 11    train speedup 1.5020136  valid speedup  1.5175602  test speedup  7.1341767
[2023-08-17 10:48:52] PRINT 12    train_accuracy  0.8586956521739131  valid_accuracy  0.6521739130434783  test_accuracy  0.3821892393320965
[2023-08-17 10:48:52] PRINT 12    train speedup 1.4519082  valid speedup  1.3966928  test speedup  7.2732563
[2023-08-17 10:48:55] PRINT 13    train_accuracy  0.8695652173913043  valid_accuracy  0.6956521739130435  test_accuracy  0.38404452690166974
[2023-08-17 10:48:55] PRINT 13    train speedup 1.4924767  valid speedup  1.56778  test speedup  6.697974
[2023-08-17 10:49:00] PRINT 14    train_accuracy  0.8804347826086957  valid_accuracy  0.6956521739130435  test_accuracy  0.38404452690166974
[2023-08-17 10:49:00] PRINT 14    train speedup 1.4978831  valid speedup  1.5087228  test speedup  7.1395936
[2023-08-17 10:49:00] PRINT start conformal prediction
[2023-08-17 10:49:08] PRINT naive find accuracy: 38.40%, precision: 0.00%, recall: 0.00%, F1: 0.00%
[2023-08-17 10:49:08] PRINT score find accuracy: 38.40%, precision: 0.00%, recall: 0.00%, F1: 0.00%
[2023-08-17 10:49:08] PRINT cumulated_score find accuracy: 38.40%, precision: 0.00%, recall: 0.00%, F1: 0.00%
[2023-08-17 10:49:08] PRINT random_cumulated_score find accuracy: 45.27%, precision: 74.67%, recall: 16.87%, F1: 27.52%
[2023-08-17 10:49:08] PRINT top_k find accuracy: 38.40%, precision: 0.00%, recall: 0.00%, F1: 0.00%
[2023-08-17 10:49:08] PRINT mixture find accuracy: 45.27%, precision: 74.67%, recall: 16.87%, F1: 27.52%
[2023-08-17 10:49:08] PRINT random_cumulated_score is the best approachbest accuracy: 45.27%, best precision: 74.67%, best recall: 16.87%, best F1: 27.52%
[2023-08-17 10:50:00] PRINT increment_train 1.4887056 increment speedup  7.70533 improved speedup 0.5657363
[2023-08-17 10:50:01] PRINT random_seed:  169353
