[2023-08-17 16:05:11] PRINT random_seed 823628
[2023-08-17 16:05:11] PRINT suite_train {'amd-app-sdk-3.0': {'subdir': 'samples/opencl/cl/1.x'}, 'npb-3.3': {'subdir': ''}, 'polybench-gpu-1.0': {'subdir': 'OpenCL', 'remappings': {'2DConvolution': '2DCONV', '2mm': '2MM', '3DConvolution': '3DCONV', '3mm': '3MM', 'atax': 'ATAX', 'bicg': 'BICG', 'correlation': 'CORR', 'covariance': 'COVAR', 'gemm': 'GEMM', 'gesummv': 'GESUMMV', 'gramschmidt': 'GRAMSCHM', 'mvt': 'MVT', 'syr2k': 'SYR2K', 'syrk': 'SYRK'}}, 'parboil-0.2': {'subdir': 'benchmarks'}, 'shoc-1.1.5': {'subdir': 'src/opencl/level1'}}
[2023-08-17 16:05:11] PRINT test_dict {'nvidia-4.2': {'subdir': 'OpenCL/src', 'benchmark_name_prefix': 'ocl'}, 'rodinia-3.1': {'subdir': 'opencl'}}
[2023-08-17 16:05:11] PRINT Processing LLVMGraphBuilder-LLVMProGraMLVisitor-GnnPytorchGeomModel
[2023-08-17 16:06:28] PRINT Size of dataset: 637
[2023-08-17 16:06:31] PRINT Size of dataset: 40
[2023-08-17 16:06:32] PRINT 
[2023-08-17 16:06:40] PRINT 0    train_accuracy  0.5990566037735849  valid_accuracy  0.6009389671361502  test_accuracy  0.45
[2023-08-17 16:06:40] PRINT 0    train speedup 5.6503997  valid speedup  7.248501  test speedup  1.5689092
[2023-08-17 16:06:48] PRINT 1    train_accuracy  0.5990566037735849  valid_accuracy  0.6009389671361502  test_accuracy  0.45
[2023-08-17 16:06:48] PRINT 1    train speedup 5.77208  valid speedup  6.6942935  test speedup  1.3271538
[2023-08-17 16:06:55] PRINT 2    train_accuracy  0.5990566037735849  valid_accuracy  0.6009389671361502  test_accuracy  0.45
[2023-08-17 16:06:55] PRINT 2    train speedup 5.2353354  valid speedup  7.414518  test speedup  1.4642881
[2023-08-17 16:07:02] PRINT 3    train_accuracy  0.5990566037735849  valid_accuracy  0.6009389671361502  test_accuracy  0.45
[2023-08-17 16:07:02] PRINT 3    train speedup 5.443761  valid speedup  7.519425  test speedup  1.3010476
[2023-08-17 16:07:11] PRINT 4    train_accuracy  0.5990566037735849  valid_accuracy  0.6009389671361502  test_accuracy  0.45
[2023-08-17 16:07:11] PRINT 4    train speedup 6.464656  valid speedup  8.006501  test speedup  1.6700327
[2023-08-17 16:07:18] PRINT 5    train_accuracy  0.5990566037735849  valid_accuracy  0.6009389671361502  test_accuracy  0.45
[2023-08-17 16:07:18] PRINT 5    train speedup 6.474905  valid speedup  7.0396795  test speedup  1.5658226
[2023-08-17 16:07:24] PRINT 6    train_accuracy  0.5990566037735849  valid_accuracy  0.6009389671361502  test_accuracy  0.45
[2023-08-17 16:07:24] PRINT 6    train speedup 6.646301  valid speedup  7.148645  test speedup  1.0995853
[2023-08-17 16:07:32] PRINT 7    train_accuracy  0.5990566037735849  valid_accuracy  0.6009389671361502  test_accuracy  0.45
[2023-08-17 16:07:32] PRINT 7    train speedup 6.2976093  valid speedup  7.463675  test speedup  1.3411355
[2023-08-17 16:07:39] PRINT 8    train_accuracy  0.5990566037735849  valid_accuracy  0.6009389671361502  test_accuracy  0.45
[2023-08-17 16:07:39] PRINT 8    train speedup 5.7847323  valid speedup  7.1632895  test speedup  1.1667676
[2023-08-17 16:07:46] PRINT 9    train_accuracy  0.5990566037735849  valid_accuracy  0.6009389671361502  test_accuracy  0.45
[2023-08-17 16:07:46] PRINT 9    train speedup 6.7494254  valid speedup  8.173925  test speedup  0.87218654
[2023-08-17 16:07:46] PRINT start conformal prediction
[2023-08-17 16:07:54] PRINT naive find accuracy: 45.00%, precision: 0.00%, recall: 0.00%, F1: 0.00%
[2023-08-17 16:07:54] PRINT score find accuracy: 45.00%, precision: 0.00%, recall: 0.00%, F1: 0.00%
[2023-08-17 16:07:54] PRINT cumulated_score find accuracy: 45.00%, precision: 0.00%, recall: 0.00%, F1: 0.00%
[2023-08-17 16:07:54] PRINT random_cumulated_score find accuracy: 45.00%, precision: 0.00%, recall: 0.00%, F1: 0.00%
[2023-08-17 16:07:54] PRINT top_k find accuracy: 45.00%, precision: 0.00%, recall: 0.00%, F1: 0.00%
[2023-08-17 16:07:54] PRINT mixture find accuracy: 45.00%, precision: 0.00%, recall: 0.00%, F1: 0.00%
[2023-08-17 16:07:54] PRINT  NONE is the best approachbest accuracy: 45.00%, best precision: 0.00%, best recall: 0.00%, best F1: 0.00%
[2023-08-17 16:08:52] PRINT increment_train 5.691431 increment speedup  1.3057355 improved speedup 0.43354893
[2023-08-17 16:08:53] PRINT random_seed:  823628
