[2023-08-13 12:15:25] PRINT random_seed 330497
[2023-08-13 12:15:25] PRINT suite_train {'shoc-1.1.5': {'subdir': 'src/opencl/level1'}, 'rodinia-3.1': {'subdir': 'opencl'}, 'amd-app-sdk-3.0': {'subdir': 'samples/opencl/cl/1.x'}, 'parboil-0.2': {'subdir': 'benchmarks'}, 'npb-3.3': {'subdir': ''}}
[2023-08-13 12:15:25] PRINT test_dict {'nvidia-4.2': {'subdir': 'OpenCL/src', 'benchmark_name_prefix': 'ocl'}, 'polybench-gpu-1.0': {'subdir': 'OpenCL', 'remappings': {'2DConvolution': '2DCONV', '2mm': '2MM', '3DConvolution': '3DCONV', '3mm': '3MM', 'atax': 'ATAX', 'bicg': 'BICG', 'correlation': 'CORR', 'covariance': 'COVAR', 'gemm': 'GEMM', 'gesummv': 'GESUMMV', 'gramschmidt': 'GRAMSCHM', 'mvt': 'MVT', 'syr2k': 'SYR2K', 'syrk': 'SYRK'}}}
[2023-08-13 12:15:25] PRINT Processing LLVMGraphBuilder-LLVMCDFGCallVisitor-GnnPytorchGeomModel
[2023-08-13 12:15:59] PRINT Size of dataset: 638
[2023-08-13 12:16:02] PRINT Size of dataset: 39
[2023-08-13 12:16:02] PRINT [  2   7  13  15  19  21  22  23  25  27  34  35  39  41  42  45  47  49
[2023-08-13 12:16:02] PRINT   50  51  54  56  58  61  64  71  74  75  76  77  79  80  81  88  89  91
[2023-08-13 12:16:02] PRINT   92  95  96  97 101 102 103 107 108 115 119 120 121 130 134 135 141 143
[2023-08-13 12:16:02] PRINT  148 149 151 152 154 157 158 166 168 169 172 175 176 177 178 180 182 193
[2023-08-13 12:16:02] PRINT  194 201 205 206 210 219 222 223 233 235 236 242 247 250 251 254 263 265
[2023-08-13 12:16:02] PRINT  269 283 285 287 288 290 291 293 298 301 302 304 306 308 310 313 314 315
[2023-08-13 12:16:02] PRINT  318 319 321 332 341 342 353 360 364 366 367 368 370 372 373 377 378 380
[2023-08-13 12:16:02] PRINT  381 383 387 390 393 396 402 405 414 416 417 419 421 423 424 431 432 433
[2023-08-13 12:16:02] PRINT  434 435 439 440 442 453 456 459 465 471 472 475 476 479 484 487 490 496
[2023-08-13 12:16:02] PRINT  500 505 506 511 512 513 515 516 517 521 522 523 526 532 533 534 535 536
[2023-08-13 12:16:02] PRINT  540 541 542 545 546 547 549 550 553 554 556 559 560 568 573 578 586 587
[2023-08-13 12:16:02] PRINT  589 593 594 596 601 602 603 604 605 606 611 619 626 631 635]
[2023-08-13 12:16:02] PRINT 
[2023-08-13 12:16:03] PRINT 0    train_accuracy  0.5294117647058824  valid_accuracy  0.6197183098591549  test_accuracy  0.07692307692307693
[2023-08-13 12:16:05] PRINT 1    train_accuracy  0.6235294117647059  valid_accuracy  0.6197183098591549  test_accuracy  0.07692307692307693
[2023-08-13 12:16:07] PRINT 2    train_accuracy  0.6235294117647059  valid_accuracy  0.6197183098591549  test_accuracy  0.07692307692307693
[2023-08-13 12:16:08] PRINT 3    train_accuracy  0.6235294117647059  valid_accuracy  0.6197183098591549  test_accuracy  0.07692307692307693
[2023-08-13 12:16:09] PRINT 4    train_accuracy  0.6235294117647059  valid_accuracy  0.6197183098591549  test_accuracy  0.07692307692307693
[2023-08-13 12:16:10] PRINT 5    train_accuracy  0.6235294117647059  valid_accuracy  0.6197183098591549  test_accuracy  0.07692307692307693
[2023-08-13 12:16:11] PRINT 6    train_accuracy  0.6235294117647059  valid_accuracy  0.6197183098591549  test_accuracy  0.07692307692307693
[2023-08-13 12:16:12] PRINT 7    train_accuracy  0.6235294117647059  valid_accuracy  0.6197183098591549  test_accuracy  0.07692307692307693
[2023-08-13 12:16:14] PRINT 8    train_accuracy  0.6235294117647059  valid_accuracy  0.6197183098591549  test_accuracy  0.07692307692307693
[2023-08-13 12:16:15] PRINT 9    train_accuracy  0.6235294117647059  valid_accuracy  0.6197183098591549  test_accuracy  0.07692307692307693
[2023-08-13 12:16:16] PRINT 10    train_accuracy  0.6235294117647059  valid_accuracy  0.6197183098591549  test_accuracy  0.07692307692307693
[2023-08-13 12:16:18] PRINT 11    train_accuracy  0.6235294117647059  valid_accuracy  0.6197183098591549  test_accuracy  0.07692307692307693
[2023-08-13 12:16:19] PRINT 12    train_accuracy  0.6235294117647059  valid_accuracy  0.6197183098591549  test_accuracy  0.07692307692307693
[2023-08-13 12:16:20] PRINT 13    train_accuracy  0.6235294117647059  valid_accuracy  0.6197183098591549  test_accuracy  0.07692307692307693
[2023-08-13 12:16:22] PRINT 14    train_accuracy  0.6235294117647059  valid_accuracy  0.6197183098591549  test_accuracy  0.07692307692307693
[2023-08-13 12:16:23] PRINT 15    train_accuracy  0.6235294117647059  valid_accuracy  0.6197183098591549  test_accuracy  0.07692307692307693
[2023-08-13 12:16:25] PRINT 16    train_accuracy  0.6235294117647059  valid_accuracy  0.6197183098591549  test_accuracy  0.07692307692307693
[2023-08-13 12:16:26] PRINT 17    train_accuracy  0.6235294117647059  valid_accuracy  0.6197183098591549  test_accuracy  0.07692307692307693
[2023-08-13 12:16:27] PRINT 18    train_accuracy  0.6235294117647059  valid_accuracy  0.6197183098591549  test_accuracy  0.07692307692307693
[2023-08-13 12:16:29] PRINT 19    train_accuracy  0.6235294117647059  valid_accuracy  0.6197183098591549  test_accuracy  0.07692307692307693
[2023-08-13 12:16:29] PRINT start conformal prediction
[2023-08-13 12:16:29] PRINT Length of naive: 0
[2023-08-13 12:16:29] PRINT Length of score: 21
[2023-08-13 12:16:29] PRINT Length of cumulated_score: 0
[2023-08-13 12:16:29] PRINT Length of random_cumulated_score: 2
[2023-08-13 12:16:29] PRINT Length of top_k: 0
[2023-08-13 12:16:29] PRINT Length of index_all: 23
[2023-08-13 12:16:29] PRINT naive find precision为：0.00%
[2023-08-13 12:16:29] PRINT naive find recall：0.00%
[2023-08-13 12:16:29] PRINT naive find F1：0.00%
[2023-08-13 12:16:29] PRINT score find precision为：90.48%
[2023-08-13 12:16:29] PRINT score find recall：52.78%
[2023-08-13 12:16:29] PRINT score find F1：66.67%
[2023-08-13 12:16:29] PRINT cumulated_score find precision为：0.00%
[2023-08-13 12:16:29] PRINT cumulated_score find recall：0.00%
[2023-08-13 12:16:29] PRINT cumulated_score find F1：0.00%
[2023-08-13 12:16:29] PRINT random_cumulated_score find precision为：100.00%
[2023-08-13 12:16:29] PRINT random_cumulated_score find recall：5.56%
[2023-08-13 12:16:29] PRINT random_cumulated_score find F1：10.53%
[2023-08-13 12:16:29] PRINT top_k find precision为：0.00%
[2023-08-13 12:16:29] PRINT top_k find recall：0.00%
[2023-08-13 12:16:29] PRINT top_k find F1：0.00%
[2023-08-13 12:16:29] PRINT all find precision为：91.30%
[2023-08-13 12:16:29] PRINT all find recall：58.33%
[2023-08-13 12:16:29] PRINT all find F1：71.19%
[2023-08-13 12:16:29] PRINT best precision为：91.30%
[2023-08-13 12:16:29] PRINT best recall：58.33%
[2023-08-13 12:16:29] PRINT best F1：71.19%
[2023-08-13 12:16:29] PRINT All best precision为：91.30%
[2023-08-13 12:16:29] PRINT All best recall：58.33%
[2023-08-13 12:16:29] PRINT All best F1：71.19%
[2023-08-13 12:16:29] PRINT random_seed:  330497
