[2023-08-17 13:28:03] PRINT random_seed 146363
[2023-08-17 13:28:03] PRINT suite_train {'shoc-1.1.5': {'subdir': 'src/opencl/level1'}, 'polybench-gpu-1.0': {'subdir': 'OpenCL', 'remappings': {'2DConvolution': '2DCONV', '2mm': '2MM', '3DConvolution': '3DCONV', '3mm': '3MM', 'atax': 'ATAX', 'bicg': 'BICG', 'correlation': 'CORR', 'covariance': 'COVAR', 'gemm': 'GEMM', 'gesummv': 'GESUMMV', 'gramschmidt': 'GRAMSCHM', 'mvt': 'MVT', 'syr2k': 'SYR2K', 'syrk': 'SYRK'}}, 'amd-app-sdk-3.0': {'subdir': 'samples/opencl/cl/1.x'}, 'parboil-0.2': {'subdir': 'benchmarks'}, 'npb-3.3': {'subdir': ''}}
[2023-08-17 13:28:03] PRINT test_dict {'nvidia-4.2': {'subdir': 'OpenCL/src', 'benchmark_name_prefix': 'ocl'}, 'rodinia-3.1': {'subdir': 'opencl'}}
[2023-08-17 13:28:03] PRINT Processing LLVMGraphBuilder-LLVMProGraMLVisitor-GnnPytorchGeomModel
[2023-08-17 13:29:24] PRINT Size of dataset: 637
[2023-08-17 13:29:27] PRINT Size of dataset: 40
[2023-08-17 13:29:29] PRINT 
[2023-08-17 13:29:33] PRINT 0    train_accuracy  0.5849056603773585  valid_accuracy  0.6009389671361502  test_accuracy  0.45
[2023-08-17 13:29:33] PRINT 0    train speedup 5.8114915  valid speedup  7.4303193  test speedup  1.301544
[2023-08-17 13:29:39] PRINT 1    train_accuracy  0.5990566037735849  valid_accuracy  0.6009389671361502  test_accuracy  0.45
[2023-08-17 13:29:39] PRINT 1    train speedup 5.490949  valid speedup  7.3510747  test speedup  0.8711009
[2023-08-17 13:29:43] PRINT 2    train_accuracy  0.5990566037735849  valid_accuracy  0.6009389671361502  test_accuracy  0.45
[2023-08-17 13:29:43] PRINT 2    train speedup 5.8651266  valid speedup  7.0776725  test speedup  1.0397964
[2023-08-17 13:29:47] PRINT 3    train_accuracy  0.5990566037735849  valid_accuracy  0.6009389671361502  test_accuracy  0.45
[2023-08-17 13:29:47] PRINT 3    train speedup 7.0959907  valid speedup  6.4429255  test speedup  1.5295091
[2023-08-17 13:29:53] PRINT 4    train_accuracy  0.5990566037735849  valid_accuracy  0.6009389671361502  test_accuracy  0.45
[2023-08-17 13:29:53] PRINT 4    train speedup 5.76995  valid speedup  7.0811377  test speedup  1.0572734
[2023-08-17 13:29:57] PRINT 5    train_accuracy  0.5990566037735849  valid_accuracy  0.6009389671361502  test_accuracy  0.45
[2023-08-17 13:29:57] PRINT 5    train speedup 5.879439  valid speedup  6.9965935  test speedup  1.4516379
[2023-08-17 13:30:01] PRINT 6    train_accuracy  0.5990566037735849  valid_accuracy  0.6009389671361502  test_accuracy  0.45
[2023-08-17 13:30:01] PRINT 6    train speedup 5.836359  valid speedup  6.5778985  test speedup  1.6215503
[2023-08-17 13:30:06] PRINT 7    train_accuracy  0.5990566037735849  valid_accuracy  0.6009389671361502  test_accuracy  0.45
[2023-08-17 13:30:06] PRINT 7    train speedup 6.6053424  valid speedup  6.571183  test speedup  1.3924266
[2023-08-17 13:30:10] PRINT 8    train_accuracy  0.5990566037735849  valid_accuracy  0.6009389671361502  test_accuracy  0.45
[2023-08-17 13:30:10] PRINT 8    train speedup 6.293082  valid speedup  7.6015887  test speedup  1.2356043
[2023-08-17 13:30:14] PRINT 9    train_accuracy  0.5990566037735849  valid_accuracy  0.6009389671361502  test_accuracy  0.45
[2023-08-17 13:30:14] PRINT 9    train speedup 6.228407  valid speedup  6.7695565  test speedup  1.2045441
[2023-08-17 13:30:20] PRINT 10    train_accuracy  0.5990566037735849  valid_accuracy  0.6009389671361502  test_accuracy  0.45
[2023-08-17 13:30:20] PRINT 10    train speedup 6.6557136  valid speedup  6.458317  test speedup  1.6075844
[2023-08-17 13:30:24] PRINT 11    train_accuracy  0.5990566037735849  valid_accuracy  0.6009389671361502  test_accuracy  0.45
[2023-08-17 13:30:24] PRINT 11    train speedup 5.9954176  valid speedup  6.694558  test speedup  1.314107
[2023-08-17 13:30:28] PRINT 12    train_accuracy  0.5990566037735849  valid_accuracy  0.6009389671361502  test_accuracy  0.45
[2023-08-17 13:30:28] PRINT 12    train speedup 6.2443056  valid speedup  6.9321527  test speedup  1.756111
[2023-08-17 13:30:33] PRINT 13    train_accuracy  0.5990566037735849  valid_accuracy  0.6009389671361502  test_accuracy  0.45
[2023-08-17 13:30:33] PRINT 13    train speedup 5.4671726  valid speedup  6.9320393  test speedup  1.2819774
[2023-08-17 13:30:37] PRINT 14    train_accuracy  0.5990566037735849  valid_accuracy  0.6009389671361502  test_accuracy  0.45
[2023-08-17 13:30:37] PRINT 14    train speedup 5.776419  valid speedup  7.273486  test speedup  1.1318632
[2023-08-17 13:30:37] PRINT start conformal prediction
[2023-08-17 13:30:40] PRINT naive find accuracy: 45.00%, precision: 0.00%, recall: 0.00%, F1: 0.00%
[2023-08-17 13:30:40] PRINT score find accuracy: 42.50%, precision: 0.00%, recall: 0.00%, F1: 0.00%
[2023-08-17 13:30:40] PRINT cumulated_score find accuracy: 45.00%, precision: 0.00%, recall: 0.00%, F1: 0.00%
[2023-08-17 13:30:40] PRINT random_cumulated_score find accuracy: 45.00%, precision: 0.00%, recall: 0.00%, F1: 0.00%
[2023-08-17 13:30:40] PRINT top_k find accuracy: 45.00%, precision: 0.00%, recall: 0.00%, F1: 0.00%
[2023-08-17 13:30:40] PRINT mixture find accuracy: 42.50%, precision: 0.00%, recall: 0.00%, F1: 0.00%
[2023-08-17 13:30:40] PRINT  NONE is the best approachbest accuracy: 42.50%, best precision: 0.00%, best recall: 0.00%, best F1: 0.00%
[2023-08-17 13:31:32] PRINT increment_train 6.6796994 increment speedup  1.5295091 improved speedup 0.39764583
[2023-08-17 13:31:33] PRINT random_seed:  146363
