[2023-08-17 14:10:14] PRINT random_seed 633378
[2023-08-17 14:10:14] PRINT suite_train {'parboil-0.2': {'subdir': 'benchmarks'}, 'rodinia-3.1': {'subdir': 'opencl'}, 'shoc-1.1.5': {'subdir': 'src/opencl/level1'}, 'amd-app-sdk-3.0': {'subdir': 'samples/opencl/cl/1.x'}, 'polybench-gpu-1.0': {'subdir': 'OpenCL', 'remappings': {'2DConvolution': '2DCONV', '2mm': '2MM', '3DConvolution': '3DCONV', '3mm': '3MM', 'atax': 'ATAX', 'bicg': 'BICG', 'correlation': 'CORR', 'covariance': 'COVAR', 'gemm': 'GEMM', 'gesummv': 'GESUMMV', 'gramschmidt': 'GRAMSCHM', 'mvt': 'MVT', 'syr2k': 'SYR2K', 'syrk': 'SYRK'}}}
[2023-08-17 14:10:14] PRINT test_dict {'nvidia-4.2': {'subdir': 'OpenCL/src', 'benchmark_name_prefix': 'ocl'}, 'npb-3.3': {'subdir': ''}}
[2023-08-17 14:10:14] PRINT Processing LLVMGraphBuilder-LLVMProGraMLVisitor-GnnPytorchGeomModel
[2023-08-17 14:10:51] PRINT Size of dataset: 138
[2023-08-17 14:11:28] PRINT Size of dataset: 539
[2023-08-17 14:11:29] PRINT 
[2023-08-17 14:11:34] PRINT 0    train_accuracy  0.532608695652174  valid_accuracy  0.5217391304347826  test_accuracy  0.6066790352504638
[2023-08-17 14:11:34] PRINT 0    train speedup 1.5491196  valid speedup  1.5240278  test speedup  6.721169
[2023-08-17 14:11:37] PRINT 1    train_accuracy  0.532608695652174  valid_accuracy  0.5217391304347826  test_accuracy  0.6066790352504638
[2023-08-17 14:11:37] PRINT 1    train speedup 1.5472083  valid speedup  1.4112939  test speedup  7.480203
[2023-08-17 14:11:40] PRINT 2    train_accuracy  0.532608695652174  valid_accuracy  0.5217391304347826  test_accuracy  0.6066790352504638
[2023-08-17 14:11:40] PRINT 2    train speedup 1.5248277  valid speedup  1.3630049  test speedup  7.651253
[2023-08-17 14:11:44] PRINT 3    train_accuracy  0.532608695652174  valid_accuracy  0.5217391304347826  test_accuracy  0.6066790352504638
[2023-08-17 14:11:44] PRINT 3    train speedup 1.4580058  valid speedup  1.512606  test speedup  7.575044
[2023-08-17 14:11:47] PRINT 4    train_accuracy  0.532608695652174  valid_accuracy  0.5652173913043478  test_accuracy  0.6066790352504638
[2023-08-17 14:11:47] PRINT 4    train speedup 1.5413774  valid speedup  1.5199593  test speedup  6.9125047
[2023-08-17 14:11:50] PRINT 5    train_accuracy  0.6521739130434783  valid_accuracy  0.6956521739130435  test_accuracy  0.3784786641929499
[2023-08-17 14:11:50] PRINT 5    train speedup 1.5538962  valid speedup  1.49606  test speedup  8.234319
[2023-08-17 14:11:54] PRINT 6    train_accuracy  0.717391304347826  valid_accuracy  0.6739130434782609  test_accuracy  0.39888682745825604
[2023-08-17 14:11:54] PRINT 6    train speedup 1.5444486  valid speedup  1.4148786  test speedup  7.5301223
[2023-08-17 14:11:57] PRINT 7    train_accuracy  0.7065217391304348  valid_accuracy  0.6956521739130435  test_accuracy  0.3970315398886827
[2023-08-17 14:11:57] PRINT 7    train speedup 1.5387828  valid speedup  1.3245485  test speedup  7.2089915
[2023-08-17 14:12:00] PRINT 8    train_accuracy  0.7391304347826086  valid_accuracy  0.717391304347826  test_accuracy  0.38589981447124305
[2023-08-17 14:12:00] PRINT 8    train speedup 1.5285759  valid speedup  1.4041473  test speedup  7.3808064
[2023-08-17 14:12:04] PRINT 9    train_accuracy  0.7717391304347826  valid_accuracy  0.7391304347826086  test_accuracy  0.3914656771799629
[2023-08-17 14:12:04] PRINT 9    train speedup 1.5529495  valid speedup  1.351938  test speedup  6.997267
[2023-08-17 14:12:07] PRINT 10    train_accuracy  0.7934782608695652  valid_accuracy  0.7391304347826086  test_accuracy  0.3821892393320965
[2023-08-17 14:12:07] PRINT 10    train speedup 1.5482521  valid speedup  1.5211736  test speedup  7.2236147
[2023-08-17 14:12:10] PRINT 11    train_accuracy  0.8152173913043478  valid_accuracy  0.7608695652173914  test_accuracy  0.3877551020408163
[2023-08-17 14:12:10] PRINT 11    train speedup 1.5282398  valid speedup  1.4074255  test speedup  7.686195
[2023-08-17 14:12:15] PRINT 12    train_accuracy  0.8260869565217391  valid_accuracy  0.7608695652173914  test_accuracy  0.3821892393320965
[2023-08-17 14:12:15] PRINT 12    train speedup 1.4736226  valid speedup  1.5155793  test speedup  7.3591394
[2023-08-17 14:12:17] PRINT 13    train_accuracy  0.782608695652174  valid_accuracy  0.7608695652173914  test_accuracy  0.3821892393320965
[2023-08-17 14:12:17] PRINT 13    train speedup 1.5582296  valid speedup  1.4700109  test speedup  7.779169
[2023-08-17 14:12:22] PRINT 14    train_accuracy  0.8695652173913043  valid_accuracy  0.8260869565217391  test_accuracy  0.39888682745825604
[2023-08-17 14:12:22] PRINT 14    train speedup 1.4779267  valid speedup  1.537521  test speedup  7.5349946
[2023-08-17 14:12:25] PRINT 15    train_accuracy  0.8695652173913043  valid_accuracy  0.7608695652173914  test_accuracy  0.3914656771799629
[2023-08-17 14:12:25] PRINT 15    train speedup 1.5442066  valid speedup  1.5163351  test speedup  7.310235
[2023-08-17 14:12:28] PRINT 16    train_accuracy  0.8043478260869565  valid_accuracy  0.782608695652174  test_accuracy  0.3914656771799629
[2023-08-17 14:12:28] PRINT 16    train speedup 1.5483087  valid speedup  1.4581609  test speedup  7.729461
[2023-08-17 14:12:32] PRINT 17    train_accuracy  0.8804347826086957  valid_accuracy  0.8043478260869565  test_accuracy  0.3970315398886827
[2023-08-17 14:12:32] PRINT 17    train speedup 1.5582063  valid speedup  1.4223646  test speedup  7.6754723
[2023-08-17 14:12:35] PRINT 18    train_accuracy  0.8260869565217391  valid_accuracy  0.782608695652174  test_accuracy  0.39888682745825604
[2023-08-17 14:12:35] PRINT 18    train speedup 1.5185989  valid speedup  1.5260086  test speedup  7.9027534
[2023-08-17 14:12:38] PRINT 19    train_accuracy  0.8478260869565217  valid_accuracy  0.782608695652174  test_accuracy  0.38404452690166974
[2023-08-17 14:12:38] PRINT 19    train speedup 1.5572515  valid speedup  1.522897  test speedup  7.279914
[2023-08-17 14:12:38] PRINT start conformal prediction
[2023-08-17 14:12:47] PRINT naive find accuracy: 38.40%, precision: 0.00%, recall: 0.00%, F1: 0.00%
[2023-08-17 14:12:47] PRINT score find accuracy: 39.70%, precision: 76.92%, recall: 3.01%, F1: 5.80%
[2023-08-17 14:12:47] PRINT cumulated_score find accuracy: 38.40%, precision: 0.00%, recall: 0.00%, F1: 0.00%
[2023-08-17 14:12:47] PRINT random_cumulated_score find accuracy: 42.30%, precision: 73.33%, recall: 9.94%, F1: 17.51%
[2023-08-17 14:12:47] PRINT top_k find accuracy: 38.40%, precision: 0.00%, recall: 0.00%, F1: 0.00%
[2023-08-17 14:12:47] PRINT mixture find accuracy: 42.30%, precision: 72.34%, recall: 10.24%, F1: 17.94%
[2023-08-17 14:12:47] PRINT mixture is the best approachbest accuracy: 42.30%, best precision: 72.34%, best recall: 10.24%, best F1: 17.94%
[2023-08-17 14:13:53] PRINT increment_train 1.4757411 increment speedup  7.8300605 improved speedup 0.5501466
[2023-08-17 14:13:54] PRINT random_seed:  633378
