[2023-08-17 18:26:51] PRINT random_seed 784894
[2023-08-17 18:26:51] PRINT suite_train {'nvidia-4.2': {'subdir': 'OpenCL/src', 'benchmark_name_prefix': 'ocl'}, 'npb-3.3': {'subdir': ''}, 'rodinia-3.1': {'subdir': 'opencl'}, 'amd-app-sdk-3.0': {'subdir': 'samples/opencl/cl/1.x'}, 'polybench-gpu-1.0': {'subdir': 'OpenCL', 'remappings': {'2DConvolution': '2DCONV', '2mm': '2MM', '3DConvolution': '3DCONV', '3mm': '3MM', 'atax': 'ATAX', 'bicg': 'BICG', 'correlation': 'CORR', 'covariance': 'COVAR', 'gemm': 'GEMM', 'gesummv': 'GESUMMV', 'gramschmidt': 'GRAMSCHM', 'mvt': 'MVT', 'syr2k': 'SYR2K', 'syrk': 'SYRK'}}}
[2023-08-17 18:26:51] PRINT test_dict {'shoc-1.1.5': {'subdir': 'src/opencl/level1'}, 'parboil-0.2': {'subdir': 'benchmarks'}}
[2023-08-17 18:26:51] PRINT Processing SyntaxSeqBuilder-SyntaxTokenkindVariableVisitor-RnnTfModel
[2023-08-17 18:27:04] PRINT Size of dataset: 610
[2023-08-17 18:27:10] PRINT Size of dataset: 67
[2023-08-17 18:27:11] WARNING (tensorflow/MainThread) From /home/huanting/anaconda3/envs/dev/lib/python3.7/site-packages/keras/layers/normalization/batch_normalization.py:532: _colocate_with (from tensorflow.python.framework.ops) is deprecated and will be removed in a future version.
Instructions for updating:
Colocations handled automatically by placer.
[2023-08-17 18:27:11] PRINT 
[2023-08-17 18:27:23] PRINT 0    train_accuracy  0.6182266012788407  valid_accuracy  0.38235294117647056  test_accuracy  0.2835820895522388
[2023-08-17 18:27:23] PRINT 0    train speedup 7.922488549169604  valid speedup  4.421503864547295  test speedup  1.5786728630907143
[2023-08-17 18:27:34] PRINT 1    train_accuracy  0.6822660110266925  valid_accuracy  0.6519607843137255  test_accuracy  0.3582089552238806
[2023-08-17 18:27:34] PRINT 1    train speedup 7.613553923904444  valid speedup  4.68452162149285  test speedup  1.7363659130672002
[2023-08-17 18:27:45] PRINT 2    train_accuracy  0.7536945815744072  valid_accuracy  0.6323529411764706  test_accuracy  0.3582089552238806
[2023-08-17 18:27:45] PRINT 2    train speedup 7.9753990394170895  valid speedup  6.75248020937518  test speedup  1.2048865196113778
[2023-08-17 18:27:55] PRINT 3    train_accuracy  0.7807881770462826  valid_accuracy  0.6617647058823529  test_accuracy  0.373134328358209
[2023-08-17 18:27:55] PRINT 3    train speedup 8.432848620201883  valid speedup  4.380905362373288  test speedup  1.6267785483400932
[2023-08-17 18:28:06] PRINT 4    train_accuracy  0.7906403943822888  valid_accuracy  0.7205882352941176  test_accuracy  0.3880597014925373
[2023-08-17 18:28:06] PRINT 4    train speedup 7.683716848671003  valid speedup  4.4051095615586995  test speedup  1.2757750678756592
[2023-08-17 18:28:17] PRINT 5    train_accuracy  0.7955665012885784  valid_accuracy  0.7303921568627451  test_accuracy  0.417910447761194
[2023-08-17 18:28:17] PRINT 5    train speedup 8.438456618833312  valid speedup  6.633428784840656  test speedup  1.5676177530766844
[2023-08-17 18:28:28] PRINT 6    train_accuracy  0.8325123152709359  valid_accuracy  0.7598039215686274  test_accuracy  0.417910447761194
[2023-08-17 18:28:28] PRINT 6    train speedup 8.574311243852613  valid speedup  4.895805741912847  test speedup  1.8331438690982036
[2023-08-17 18:28:39] PRINT 7    train_accuracy  0.8374384233517013  valid_accuracy  0.7892156862745098  test_accuracy  0.4626865671641791
[2023-08-17 18:28:39] PRINT 7    train speedup 8.313698876613485  valid speedup  6.218392332141318  test speedup  1.6157881660818545
[2023-08-17 18:28:49] PRINT 8    train_accuracy  0.8448275867941344  valid_accuracy  0.7352941176470589  test_accuracy  0.4626865671641791
[2023-08-17 18:28:49] PRINT 8    train speedup 7.527404196233492  valid speedup  6.0718531483386124  test speedup  1.5333240440956228
[2023-08-17 18:29:00] PRINT 9    train_accuracy  0.8497536942876619  valid_accuracy  0.8235294117647058  test_accuracy  0.47761194029850745
[2023-08-17 18:29:00] PRINT 9    train speedup 7.428350980032938  valid speedup  6.506448146291537  test speedup  0.5328286929919928
[2023-08-17 18:29:00] PRINT start conformal prediction
[2023-08-17 18:29:04] PRINT naive find accuracy: 47.76%, precision: 0.00%, recall: 0.00%, F1: 0.00%
[2023-08-17 18:29:04] PRINT score find accuracy: 49.25%, precision: 100.00%, recall: 2.86%, F1: 5.56%
[2023-08-17 18:29:04] PRINT cumulated_score find accuracy: 47.76%, precision: 0.00%, recall: 0.00%, F1: 0.00%
[2023-08-17 18:29:04] PRINT random_cumulated_score find accuracy: 52.24%, precision: 66.67%, recall: 17.14%, F1: 27.27%
[2023-08-17 18:29:04] PRINT top_k find accuracy: 47.76%, precision: 0.00%, recall: 0.00%, F1: 0.00%
[2023-08-17 18:29:04] PRINT mixture find accuracy: 53.73%, precision: 70.00%, recall: 20.00%, F1: 31.11%
[2023-08-17 18:29:04] PRINT mixture is the best approachbest accuracy: 53.73%, best precision: 70.00%, best recall: 20.00%, best F1: 31.11%
[2023-08-17 18:30:48] PRINT increment_train 8.35110254291843 increment speedup  1.6278642800725767 improved speedup 1.095035587080584
[2023-08-17 18:30:48] PRINT random_seed:  784894
