[2023-08-17 21:30:21] PRINT random_seed 117822
[2023-08-17 21:30:21] PRINT suite_train {'shoc-1.1.5': {'subdir': 'src/opencl/level1'}, 'rodinia-3.1': {'subdir': 'opencl'}, 'npb-3.3': {'subdir': ''}, 'nvidia-4.2': {'subdir': 'OpenCL/src', 'benchmark_name_prefix': 'ocl'}, 'parboil-0.2': {'subdir': 'benchmarks'}}
[2023-08-17 21:30:21] PRINT test_dict {'amd-app-sdk-3.0': {'subdir': 'samples/opencl/cl/1.x'}, 'polybench-gpu-1.0': {'subdir': 'OpenCL', 'remappings': {'2DConvolution': '2DCONV', '2mm': '2MM', '3DConvolution': '3DCONV', '3mm': '3MM', 'atax': 'ATAX', 'bicg': 'BICG', 'correlation': 'CORR', 'covariance': 'COVAR', 'gemm': 'GEMM', 'gesummv': 'GESUMMV', 'gramschmidt': 'GRAMSCHM', 'mvt': 'MVT', 'syr2k': 'SYR2K', 'syrk': 'SYRK'}}}
[2023-08-17 21:30:21] PRINT Processing LLVMGraphBuilder-LLVMCDFGPlusVisitor-GnnPytorchGeomModel
[2023-08-17 21:30:56] PRINT Size of dataset: 634
[2023-08-17 21:30:59] PRINT Size of dataset: 43
[2023-08-17 21:31:00] PRINT 
[2023-08-17 21:31:05] PRINT 0    train_accuracy  0.6066350710900474  valid_accuracy  0.6132075471698113  test_accuracy  0.27906976744186046
[2023-08-17 21:31:05] PRINT 0    train speedup 5.135465  valid speedup  6.478168  test speedup  1.205439
[2023-08-17 21:31:10] PRINT 1    train_accuracy  0.6113744075829384  valid_accuracy  0.6132075471698113  test_accuracy  0.27906976744186046
[2023-08-17 21:31:10] PRINT 1    train speedup 4.972898  valid speedup  6.4681535  test speedup  1.2818887
[2023-08-17 21:31:15] PRINT 2    train_accuracy  0.6113744075829384  valid_accuracy  0.6132075471698113  test_accuracy  0.27906976744186046
[2023-08-17 21:31:15] PRINT 2    train speedup 5.083376  valid speedup  6.793529  test speedup  1.1973159
[2023-08-17 21:31:19] PRINT 3    train_accuracy  0.6113744075829384  valid_accuracy  0.6132075471698113  test_accuracy  0.27906976744186046
[2023-08-17 21:31:19] PRINT 3    train speedup 4.9188094  valid speedup  8.043115  test speedup  1.2424885
[2023-08-17 21:31:24] PRINT 4    train_accuracy  0.6113744075829384  valid_accuracy  0.6132075471698113  test_accuracy  0.27906976744186046
[2023-08-17 21:31:24] PRINT 4    train speedup 4.581088  valid speedup  6.767437  test speedup  1.2451713
[2023-08-17 21:31:29] PRINT 5    train_accuracy  0.6113744075829384  valid_accuracy  0.6132075471698113  test_accuracy  0.27906976744186046
[2023-08-17 21:31:29] PRINT 5    train speedup 5.4538074  valid speedup  7.7409806  test speedup  1.2066427
[2023-08-17 21:31:34] PRINT 6    train_accuracy  0.6113744075829384  valid_accuracy  0.6132075471698113  test_accuracy  0.27906976744186046
[2023-08-17 21:31:34] PRINT 6    train speedup 5.0130568  valid speedup  6.6152763  test speedup  1.1979198
[2023-08-17 21:31:39] PRINT 7    train_accuracy  0.6113744075829384  valid_accuracy  0.6132075471698113  test_accuracy  0.27906976744186046
[2023-08-17 21:31:39] PRINT 7    train speedup 4.9700775  valid speedup  7.024821  test speedup  1.2099844
[2023-08-17 21:31:44] PRINT 8    train_accuracy  0.6113744075829384  valid_accuracy  0.6132075471698113  test_accuracy  0.27906976744186046
[2023-08-17 21:31:44] PRINT 8    train speedup 4.6990275  valid speedup  6.365328  test speedup  1.2666771
[2023-08-17 21:31:49] PRINT 9    train_accuracy  0.6113744075829384  valid_accuracy  0.6132075471698113  test_accuracy  0.27906976744186046
[2023-08-17 21:31:49] PRINT 9    train speedup 4.5763383  valid speedup  5.479928  test speedup  1.2800795
[2023-08-17 21:31:54] PRINT 10    train_accuracy  0.6113744075829384  valid_accuracy  0.6132075471698113  test_accuracy  0.27906976744186046
[2023-08-17 21:31:54] PRINT 10    train speedup 4.956337  valid speedup  8.581225  test speedup  1.2639139
[2023-08-17 21:31:58] PRINT 11    train_accuracy  0.6113744075829384  valid_accuracy  0.6132075471698113  test_accuracy  0.27906976744186046
[2023-08-17 21:31:58] PRINT 11    train speedup 4.7345014  valid speedup  7.3634553  test speedup  1.2165064
[2023-08-17 21:32:04] PRINT 12    train_accuracy  0.6113744075829384  valid_accuracy  0.6132075471698113  test_accuracy  0.27906976744186046
[2023-08-17 21:32:04] PRINT 12    train speedup 5.096242  valid speedup  7.8938513  test speedup  1.25475
[2023-08-17 21:32:08] PRINT 13    train_accuracy  0.6113744075829384  valid_accuracy  0.6132075471698113  test_accuracy  0.27906976744186046
[2023-08-17 21:32:08] PRINT 13    train speedup 4.9140544  valid speedup  6.727215  test speedup  1.1957961
[2023-08-17 21:32:13] PRINT 14    train_accuracy  0.6113744075829384  valid_accuracy  0.6132075471698113  test_accuracy  0.27906976744186046
[2023-08-17 21:32:13] PRINT 14    train speedup 4.6706877  valid speedup  5.666367  test speedup  1.0806662
[2023-08-17 21:32:13] PRINT start conformal prediction
[2023-08-17 21:32:17] PRINT naive find accuracy: 27.91%, precision: 0.00%, recall: 0.00%, F1: 0.00%
[2023-08-17 21:32:17] PRINT score find accuracy: 27.91%, precision: 0.00%, recall: 0.00%, F1: 0.00%
[2023-08-17 21:32:17] PRINT cumulated_score find accuracy: 27.91%, precision: 0.00%, recall: 0.00%, F1: 0.00%
[2023-08-17 21:32:17] PRINT random_cumulated_score find accuracy: 27.91%, precision: 0.00%, recall: 0.00%, F1: 0.00%
[2023-08-17 21:32:17] PRINT top_k find accuracy: 27.91%, precision: 0.00%, recall: 0.00%, F1: 0.00%
[2023-08-17 21:32:17] PRINT mixture find accuracy: 27.91%, precision: 0.00%, recall: 0.00%, F1: 0.00%
[2023-08-17 21:32:17] PRINT  NONE is the best approachbest accuracy: 27.91%, best precision: 0.00%, best recall: 0.00%, best F1: 0.00%
[2023-08-17 21:33:18] PRINT increment_train 4.99276 increment speedup  1.2585211 improved speedup 0.1778549
[2023-08-17 21:33:18] PRINT random_seed:  117822
