[2023-08-17 10:54:10] PRINT random_seed 427767
[2023-08-17 10:54:10] PRINT suite_train {'npb-3.3': {'subdir': ''}, 'nvidia-4.2': {'subdir': 'OpenCL/src', 'benchmark_name_prefix': 'ocl'}, 'rodinia-3.1': {'subdir': 'opencl'}, 'shoc-1.1.5': {'subdir': 'src/opencl/level1'}, 'polybench-gpu-1.0': {'subdir': 'OpenCL', 'remappings': {'2DConvolution': '2DCONV', '2mm': '2MM', '3DConvolution': '3DCONV', '3mm': '3MM', 'atax': 'ATAX', 'bicg': 'BICG', 'correlation': 'CORR', 'covariance': 'COVAR', 'gemm': 'GEMM', 'gesummv': 'GESUMMV', 'gramschmidt': 'GRAMSCHM', 'mvt': 'MVT', 'syr2k': 'SYR2K', 'syrk': 'SYRK'}}}
[2023-08-17 10:54:10] PRINT test_dict {'parboil-0.2': {'subdir': 'benchmarks'}, 'amd-app-sdk-3.0': {'subdir': 'samples/opencl/cl/1.x'}}
[2023-08-17 10:54:10] PRINT Processing LLVMGraphBuilder-LLVMProGraMLVisitor-GnnPytorchGeomModel
[2023-08-17 10:55:29] PRINT Size of dataset: 642
[2023-08-17 10:55:32] PRINT Size of dataset: 35
[2023-08-17 10:55:34] PRINT 
[2023-08-17 10:55:40] PRINT 0    train_accuracy  0.5560747663551402  valid_accuracy  0.5934579439252337  test_accuracy  0.5428571428571428
[2023-08-17 10:55:40] PRINT 0    train speedup 5.2045593  valid speedup  7.266493  test speedup  1.6691664
[2023-08-17 10:55:44] PRINT 1    train_accuracy  0.5934579439252337  valid_accuracy  0.5934579439252337  test_accuracy  0.5428571428571428
[2023-08-17 10:55:44] PRINT 1    train speedup 6.1790733  valid speedup  7.5765452  test speedup  2.1662736
[2023-08-17 10:55:48] PRINT 2    train_accuracy  0.5934579439252337  valid_accuracy  0.5934579439252337  test_accuracy  0.5428571428571428
[2023-08-17 10:55:48] PRINT 2    train speedup 5.599757  valid speedup  6.809427  test speedup  1.4256876
[2023-08-17 10:55:52] PRINT 3    train_accuracy  0.5934579439252337  valid_accuracy  0.5934579439252337  test_accuracy  0.5428571428571428
[2023-08-17 10:55:52] PRINT 3    train speedup 5.81687  valid speedup  6.4318705  test speedup  2.340514
[2023-08-17 10:55:58] PRINT 4    train_accuracy  0.5934579439252337  valid_accuracy  0.5934579439252337  test_accuracy  0.5428571428571428
[2023-08-17 10:55:58] PRINT 4    train speedup 6.24433  valid speedup  6.951158  test speedup  1.5444576
[2023-08-17 10:56:02] PRINT 5    train_accuracy  0.5934579439252337  valid_accuracy  0.5934579439252337  test_accuracy  0.5428571428571428
[2023-08-17 10:56:02] PRINT 5    train speedup 6.3340716  valid speedup  6.9504647  test speedup  1.9684623
[2023-08-17 10:56:08] PRINT 6    train_accuracy  0.5934579439252337  valid_accuracy  0.5934579439252337  test_accuracy  0.5428571428571428
[2023-08-17 10:56:08] PRINT 6    train speedup 4.8951187  valid speedup  6.7141237  test speedup  1.3503487
[2023-08-17 10:56:12] PRINT 7    train_accuracy  0.5934579439252337  valid_accuracy  0.5934579439252337  test_accuracy  0.5428571428571428
[2023-08-17 10:56:12] PRINT 7    train speedup 5.6108804  valid speedup  7.1431437  test speedup  1.117292
[2023-08-17 10:56:16] PRINT 8    train_accuracy  0.5934579439252337  valid_accuracy  0.5934579439252337  test_accuracy  0.5428571428571428
[2023-08-17 10:56:16] PRINT 8    train speedup 6.066532  valid speedup  7.6658554  test speedup  1.2819159
[2023-08-17 10:56:21] PRINT 9    train_accuracy  0.5934579439252337  valid_accuracy  0.5934579439252337  test_accuracy  0.5428571428571428
[2023-08-17 10:56:21] PRINT 9    train speedup 6.1512856  valid speedup  8.037587  test speedup  2.1915584
[2023-08-17 10:56:25] PRINT 10    train_accuracy  0.5934579439252337  valid_accuracy  0.5934579439252337  test_accuracy  0.5428571428571428
[2023-08-17 10:56:25] PRINT 10    train speedup 5.7637696  valid speedup  6.7104445  test speedup  1.827657
[2023-08-17 10:56:29] PRINT 11    train_accuracy  0.5934579439252337  valid_accuracy  0.5934579439252337  test_accuracy  0.5428571428571428
[2023-08-17 10:56:29] PRINT 11    train speedup 5.442899  valid speedup  7.416743  test speedup  2.587558
[2023-08-17 10:56:35] PRINT 12    train_accuracy  0.5934579439252337  valid_accuracy  0.5934579439252337  test_accuracy  0.5428571428571428
[2023-08-17 10:56:35] PRINT 12    train speedup 5.920793  valid speedup  6.401503  test speedup  2.3916605
[2023-08-17 10:56:39] PRINT 13    train_accuracy  0.5934579439252337  valid_accuracy  0.5934579439252337  test_accuracy  0.5428571428571428
[2023-08-17 10:56:39] PRINT 13    train speedup 5.7681084  valid speedup  7.1003013  test speedup  2.295134
[2023-08-17 10:56:44] PRINT 14    train_accuracy  0.5934579439252337  valid_accuracy  0.5934579439252337  test_accuracy  0.5428571428571428
[2023-08-17 10:56:44] PRINT 14    train speedup 5.489243  valid speedup  6.9989467  test speedup  2.303397
[2023-08-17 10:56:48] PRINT 15    train_accuracy  0.5934579439252337  valid_accuracy  0.5934579439252337  test_accuracy  0.5428571428571428
[2023-08-17 10:56:48] PRINT 15    train speedup 6.126182  valid speedup  6.716047  test speedup  2.0528984
[2023-08-17 10:56:52] PRINT 16    train_accuracy  0.5934579439252337  valid_accuracy  0.5934579439252337  test_accuracy  0.5428571428571428
[2023-08-17 10:56:52] PRINT 16    train speedup 5.4824634  valid speedup  7.2902  test speedup  1.9647655
[2023-08-17 10:56:58] PRINT 17    train_accuracy  0.5934579439252337  valid_accuracy  0.5934579439252337  test_accuracy  0.5428571428571428
[2023-08-17 10:56:58] PRINT 17    train speedup 6.1529994  valid speedup  7.0499954  test speedup  1.3707664
[2023-08-17 10:57:02] PRINT 18    train_accuracy  0.5934579439252337  valid_accuracy  0.5934579439252337  test_accuracy  0.5428571428571428
[2023-08-17 10:57:02] PRINT 18    train speedup 5.842773  valid speedup  8.392891  test speedup  1.8245237
[2023-08-17 10:57:06] PRINT 19    train_accuracy  0.5934579439252337  valid_accuracy  0.5934579439252337  test_accuracy  0.5428571428571428
[2023-08-17 10:57:06] PRINT 19    train speedup 5.4555726  valid speedup  5.7231894  test speedup  1.2282169
[2023-08-17 10:57:06] PRINT start conformal prediction
[2023-08-17 10:57:09] PRINT naive find accuracy: 54.29%, precision: 0.00%, recall: 0.00%, F1: 0.00%
[2023-08-17 10:57:09] PRINT score find accuracy: 54.29%, precision: 0.00%, recall: 0.00%, F1: 0.00%
[2023-08-17 10:57:09] PRINT cumulated_score find accuracy: 54.29%, precision: 0.00%, recall: 0.00%, F1: 0.00%
[2023-08-17 10:57:09] PRINT random_cumulated_score find accuracy: 54.29%, precision: 0.00%, recall: 0.00%, F1: 0.00%
[2023-08-17 10:57:09] PRINT top_k find accuracy: 54.29%, precision: 0.00%, recall: 0.00%, F1: 0.00%
[2023-08-17 10:57:09] PRINT mixture find accuracy: 54.29%, precision: 0.00%, recall: 0.00%, F1: 0.00%
[2023-08-17 10:57:09] PRINT  NONE is the best approachbest accuracy: 54.29%, best precision: 0.00%, best recall: 0.00%, best F1: 0.00%
[2023-08-17 10:58:14] PRINT increment_train 5.6476426 increment speedup  2.0528984 improved speedup 0.8246815
[2023-08-17 10:58:15] PRINT random_seed:  427767
